{"EventId": 21, "Channel": "Microsoft-Windows-TerminalServices-LocalSessionManager/Operational", "Computer": "WIN-1M3263ACE5D", "EventRecordId": 7, "TimeCreated": "2018-03-27T12:11:42+00:00", "Payload": "{\"UserData\": {\"EventXML\": {\"User\": \"DESKTOP-PM6C56D\\\\defaultuser0\", \"SessionID\": \"1\", \"Address\": \"LOCAL\"}}}"}
{"EventId": 24, "Channel": "Microsoft-Windows-TerminalServices-LocalSessionManager/Operational", "Computer": "WIN-1M3263ACE5D", "EventRecordId": 8, "TimeCreated": "2018-03-27T12:11:42+00:00", "Payload": "{\"UserData\": {\"EventXML\": {\"User\": \"DESKTOP-PM6C56D\\\\defaultuser0\", \"SessionID\": \"1\", \"Address\": \"LOCAL\"}}}"}
{"EventId": 21, "Channel": "Microsoft-Windows-TerminalServices-LocalSessionManager/Operational", "Computer": "WIN-1M3263ACE5D", "EventRecordId": 9, "TimeCreated": "2018-03-27T12:11:42+00:00", "Payload": "{\"UserData\": {\"EventXML\": {\"User\": \"DESKTOP-PM6C56D\\\\defaultuser0\", \"SessionID\": \"1\", \"Address\": \"10.0.0.9\"}}}"}
{"EventId": 25, "Channel": "Microsoft-Windows-TerminalServices-LocalSessionManager/Operational", "Computer": "WIN-1M3263ACE5D", "EventRecordId": 10, "TimeCreated": "2018-03-27T12:11:42+00:00", "Payload": "{\"UserData\": {\"EventXML\": {\"User\": \"DESKTOP-PM6C56D\\\\defaultuser0\", \"SessionID\": \"1\", \"Address\": \"10.0.0.9\"}}}"}
{"EventId": 22, "Channel": "Microsoft-Windows-TerminalServices-LocalSessionManager/Operational", "Computer": "WIN-1M3263ACE5D", "EventRecordId": 11, "TimeCreated": "2018-03-27T12:11:42+00:00", "Payload": "{\"UserData\": {\"EventXML\": {\"User\": \"DESKTOP-PM6C56D\\\\defaultuser0\", \"SessionID\": \"1\", \"Address\": \"10.0.0.9\"}}}"}
{"EventId": 21.0, "Channel": "Microsoft-Windows-TerminalServices-LocalSessionManager/Operational", "Computer": "WIN-1M3263ACE5D", "EventRecordId": 12, "TimeCreated": "2018-03-27T12:11:42+00:00", "Payload": "{\"UserData\": {\"EventXML\": {\"User\": \"DESKTOP-PM6C56D\\\\defaultuser0\", \"SessionID\": \"1\", \"Address\": \"10.0.0.9\"}}}"}
{"EventId": "21", "Channel": "Microsoft-Windows-TerminalServices-LocalSessionManager/Operational", "Computer": "WIN-1M3263ACE5D", "EventRecordId": 13, "TimeCreated": "2018-03-27T12:11:42+00:00", "Payload": "{\"UserData\": {\"EventXML\": {\"User\": \"DESKTOP-PM6C56D\\\\defaultuser0\", \"SessionID\": \"1\", \"Address\": \"10.0.0.9\"}}}"}
{"EventId": 21, "Channel": "Microsoft-Windows-TerminalServices-LocalSessionManager/Operational", "Computer": "WIN-1M3263ACE5D", "EventRecordId": 14, "TimeCreated": "2018-03-27T12:11:42+00:00", "Payload": "{\"UserData\": {\"EventXML\": {\"User\": \"DESKTOP-PM6C56D\\\\defaultuser0\", \"SessionID\": \"1\", \"Address\": \"LOCALHOST\"}}}"}
{"EventId": 21, "Channel": "Microsoft-Windows-TerminalServices-LocalSessionManager/Operational", "Computer": "WIN-1M3263ACE5D", "EventRecordId": 15, "TimeCreated": "2018-03-27T12:11:42+00:00", "Payload": "{\"UserData\": {\"EventXML\": {\"User\": \"  DESKTOP-PM6C56D\\\\jcloudy  \", \"SessionID\": 2, \"Address\": \"\"}}}"}
{"EventId": 24, "Channel": "Microsoft-Windows-TerminalServices-LocalSessionManager/Operational", "Computer": "WIN-1M3263ACE5D", "EventRecordId": 16, "TimeCreated": "2018-03-27T12:11:42+00:00", "Payload": "{\"UserData\": {\"EventXML\": {\"SessionID\": \"3\"}}}"}
{"EventId": 21, "Channel": "Microsoft-Windows-TerminalServices-LocalSessionManager/Operational", "Computer": "WIN-1M3263ACE5D", "EventRecordId": 17, "TimeCreated": "2018-03-27T12:11:42+00:00", "Payload": "{\"UserData\": {\"EventXML\": {\"User\": \"NT AUTHORITY\\\\SYSTEM\", \"SessionID\": \"0\", \"Address\": \"-\"}}}"}
{"EventId": 21, "Channel": "Microsoft-Windows-TerminalServices-LocalSessionManager/Operational", "Computer": "WIN-1M3263ACE5D", "EventRecordId": 18, "TimeCreated": "2018-03-27T12:11:42+00:00", "Payload": "{\"UserData\": {\"EventXML\": {\"User\": \"S-1-5-18\", \"Address\": \"::1\"}}}"}
{"EventId": 21, "Channel": "Microsoft-Windows-TerminalServices-LocalSessionManager/Operational", "Computer": "WIN-1M3263ACE5D", "EventRecordId": 19, "TimeCreated": "2018-03-27T12:11:42+00:00", "Payload": "{\"UserData\": \"not-a-dict\"}"}
{"EventId": 21, "Channel": "Microsoft-Windows-TerminalServices-LocalSessionManager/Operational", "Computer": "WIN-1M3263ACE5D", "EventRecordId": 20, "TimeCreated": "2018-03-27T12:11:42+00:00"}
{"EventId": 21, "Channel": "Microsoft-Windows-TerminalServices-LocalSessionManager/Operational", "EventRecordId": 21, "TimeCreated": "2018-03-27T12:11:42+00:00", "Payload": "{\"UserData\": {\"EventXML\": {\"User\": \"DESKTOP-PM6C56D\\\\defaultuser0\", \"SessionID\": \"1\", \"Address\": \"10.0.0.9\"}}}"}
{"EventId": 21, "Channel": "Microsoft-Windows-TerminalServices-LocalSessionManager/Operational", "Computer": "WIN-1M3263ACE5D.corp.example.com", "EventRecordId": 22, "TimeCreated": "2018-03-27T12:11:42+00:00", "Payload": "{\"UserData\": {\"EventXML\": {\"User\": \"DESKTOP-PM6C56D\\\\defaultuser0\", \"SessionID\": \"1\", \"Address\": \"10.0.0.9\"}}}", "UserName": "DESKTOP-PM6C56D\\defaultuser0"}
