{"EventId": 59, "Channel": "Microsoft-Windows-Bits-Client/Operational", "Computer": "WIN-1M3263ACE5D", "EventRecordId": 3, "TimeCreated": "2018-03-27T12:11:42+00:00", "Payload": "{\"EventData\": {\"Data\": [{\"@Name\": \"transferId\", \"#text\": \"c411\"}, {\"@Name\": \"name\", \"#text\": \"Font Download\"}, {\"@Name\": \"url\", \"#text\": \"https://fs.microsoft.com/fs/windows/config.json\"}, {\"@Name\": \"bytesTotal\", \"#text\": \"55\"}, {\"@Name\": \"bytesTransferred\", \"#text\": \"55\"}]}}"}
{"EventId": 60, "Channel": "Microsoft-Windows-Bits-Client/Operational", "Computer": "WIN-1M3263ACE5D", "EventRecordId": 4, "TimeCreated": "2018-03-27T12:11:42+00:00", "Payload": "{\"EventData\": {\"Data\": [{\"@Name\": \"transferId\", \"#text\": \"c411\"}, {\"@Name\": \"name\", \"#text\": \"Font Download\"}, {\"@Name\": \"url\", \"#text\": \"https://fs.microsoft.com/fs/windows/config.json\"}, {\"@Name\": \"bytesTotal\", \"#text\": \"55\"}, {\"@Name\": \"bytesTransferred\", \"#text\": \"55\"}]}}"}
{"EventId": 59.0, "Channel": "Microsoft-Windows-Bits-Client/Operational", "Computer": "WIN-1M3263ACE5D", "EventRecordId": 5, "TimeCreated": "2018-03-27T12:11:42+00:00", "Payload": "{\"EventData\": {\"Data\": [{\"@Name\": \"transferId\", \"#text\": \"c411\"}, {\"@Name\": \"name\", \"#text\": \"Font Download\"}, {\"@Name\": \"url\", \"#text\": \"https://fs.microsoft.com/fs/windows/config.json\"}, {\"@Name\": \"bytesTotal\", \"#text\": \"55\"}, {\"@Name\": \"bytesTransferred\", \"#text\": \"55\"}]}}"}
{"EventId": 58, "Channel": "Microsoft-Windows-Bits-Client/Operational", "Computer": "WIN-1M3263ACE5D", "EventRecordId": 6, "TimeCreated": "2018-03-27T12:11:42+00:00", "Payload": "{\"EventData\": {\"Data\": [{\"@Name\": \"transferId\", \"#text\": \"c411\"}, {\"@Name\": \"name\", \"#text\": \"Font Download\"}, {\"@Name\": \"url\", \"#text\": \"https://fs.microsoft.com/fs/windows/config.json\"}, {\"@Name\": \"bytesTotal\", \"#text\": \"55\"}, {\"@Name\": \"bytesTransferred\", \"#text\": \"55\"}]}}"}
{"EventId": "59", "Channel": "Microsoft-Windows-Bits-Client/Operational", "Computer": "WIN-1M3263ACE5D", "EventRecordId": 7, "TimeCreated": "2018-03-27T12:11:42+00:00", "Payload": "{\"EventData\": {\"Data\": [{\"@Name\": \"transferId\", \"#text\": \"c411\"}, {\"@Name\": \"name\", \"#text\": \"Font Download\"}, {\"@Name\": \"url\", \"#text\": \"https://fs.microsoft.com/fs/windows/config.json\"}, {\"@Name\": \"bytesTotal\", \"#text\": \"55\"}, {\"@Name\": \"bytesTransferred\", \"#text\": \"55\"}]}}"}
{"EventId": 59, "Channel": "Microsoft-Windows-BITS-Client/Operational", "Computer": "WIN-1M3263ACE5D", "EventRecordId": 8, "TimeCreated": "2018-03-27T12:11:42+00:00", "Payload": "{\"EventData\": {\"Data\": [{\"@Name\": \"transferId\", \"#text\": \"c411\"}, {\"@Name\": \"name\", \"#text\": \"Font Download\"}, {\"@Name\": \"url\", \"#text\": \"https://fs.microsoft.com/fs/windows/config.json\"}, {\"@Name\": \"bytesTotal\", \"#text\": \"55\"}, {\"@Name\": \"bytesTransferred\", \"#text\": \"55\"}]}}"}
{"EventId": 59, "Channel": "Microsoft-Windows-Bits-Client/Operational", "Computer": "WIN-1M3263ACE5D", "EventRecordId": 9, "TimeCreated": "2018-03-27T12:11:42+00:00", "Payload": "{\"EventData\": {\"Data\": [{\"@Name\": \"transferId\", \"#text\": \"c411\"}, {\"@Name\": \"name\", \"#text\": \"Font Download\"}, {\"@Name\": \"url\", \"#text\": \"fs.microsoft.com/fs/windows/config.json\"}, {\"@Name\": \"bytesTotal\", \"#text\": \"55\"}, {\"@Name\": \"bytesTransferred\", \"#text\": \"55\"}]}}"}
{"EventId": 59, "Channel": "Microsoft-Windows-Bits-Client/Operational", "Computer": "WIN-1M3263ACE5D", "EventRecordId": 10, "TimeCreated": "2018-03-27T12:11:42+00:00", "Payload": "{\"EventData\": {\"Data\": [{\"@Name\": \"transferId\", \"#text\": \"c411\"}, {\"@Name\": \"name\", \"#text\": \"Font Download\"}, {\"@Name\": \"url\", \"#text\": \"http://10.0.0.5:8080/stage/a.bin?q=1#frag\"}, {\"@Name\": \"bytesTotal\", \"#text\": \"55\"}, {\"@Name\": \"bytesTransferred\", \"#text\": \"55\"}]}}"}
{"EventId": 59, "Channel": "Microsoft-Windows-Bits-Client/Operational", "Computer": "WIN-1M3263ACE5D", "EventRecordId": 11, "TimeCreated": "2018-03-27T12:11:42+00:00", "Payload": "{\"EventData\": {\"Data\": [{\"@Name\": \"transferId\", \"#text\": \"c411\"}, {\"@Name\": \"name\", \"#text\": \"Font Download\"}, {\"@Name\": \"url\", \"#text\": \"https://fs.microsoft.com\"}, {\"@Name\": \"bytesTotal\", \"#text\": \"55\"}, {\"@Name\": \"bytesTransferred\", \"#text\": \"55\"}]}}"}
{"EventId": 59, "Channel": "Microsoft-Windows-Bits-Client/Operational", "Computer": "WIN-1M3263ACE5D", "EventRecordId": 12, "TimeCreated": "2018-03-27T12:11:42+00:00", "Payload": "{\"EventData\": {\"Data\": [{\"@Name\": \"transferId\", \"#text\": \"  c411  \"}, {\"@Name\": \"name\", \"#text\": \"-\"}, {\"@Name\": \"url\", \"#text\": \"  https://h.example/x  \"}, {\"@Name\": \"bytesTransferred\", \"#text\": \"\"}, {\"@Name\": \"bytesTotal\"}]}}"}
{"EventId": 59, "Channel": "Microsoft-Windows-Bits-Client/Operational", "Computer": "WIN-1M3263ACE5D.corp.example.com", "EventRecordId": 13, "TimeCreated": "2018-03-27T12:11:42+00:00", "Payload": "{\"EventData\": {\"Data\": [{\"@Name\": \"transferId\", \"#text\": \"c411\"}, {\"@Name\": \"name\", \"#text\": \"Font Download\"}, {\"@Name\": \"url\", \"#text\": \"https://fs.microsoft.com/fs/windows/config.json\"}, {\"@Name\": \"bytesTotal\", \"#text\": \"55\"}, {\"@Name\": \"bytesTransferred\", \"#text\": \"55\"}]}}"}
{"EventId": 59, "Channel": "Microsoft-Windows-Bits-Client/Operational", "EventRecordId": 14, "TimeCreated": "2018-03-27T12:11:42+00:00", "Payload": "{\"EventData\": {\"Data\": [{\"@Name\": \"transferId\", \"#text\": \"c411\"}, {\"@Name\": \"name\", \"#text\": \"Font Download\"}, {\"@Name\": \"url\", \"#text\": \"https://fs.microsoft.com/fs/windows/config.json\"}, {\"@Name\": \"bytesTotal\", \"#text\": \"55\"}, {\"@Name\": \"bytesTransferred\", \"#text\": \"55\"}]}}"}
{"EventId": 59, "Channel": "Microsoft-Windows-Bits-Client/Operational", "Computer": "WIN-1M3263ACE5D", "EventRecordId": 15, "TimeCreated": "2018-03-27T12:11:42+00:00"}
{"EventId": 59, "Channel": "Microsoft-Windows-Bits-Client/Operational", "Computer": "WIN-1M3263ACE5D", "EventRecordId": 16, "TimeCreated": "2018-03-27T12:11:42+00:00", "Payload": "{not json"}
{"EventId": 59, "Channel": "Microsoft-Windows-Bits-Client/Operational", "Computer": "WIN-1M3263ACE5D", "EventRecordId": 17, "TimeCreated": "2018-03-27T12:11:42+00:00", "Payload": "{\"UserData\": {\"EventXML\": {\"url\": \"https://h/x\"}}}"}
{"EventId": 59, "Channel": "Microsoft-Windows-Bits-Client/Operational", "Computer": "WIN-1M3263ACE5D", "EventRecordId": null, "TimeCreated": "2018-03-27T12:11:42+00:00", "Payload": "{\"EventData\": {\"Data\": [{\"@Name\": \"transferId\", \"#text\": \"c411\"}, {\"@Name\": \"name\", \"#text\": \"Font Download\"}, {\"@Name\": \"url\", \"#text\": \"https://fs.microsoft.com/fs/windows/config.json\"}, {\"@Name\": \"bytesTotal\", \"#text\": \"55\"}, {\"@Name\": \"bytesTransferred\", \"#text\": \"55\"}]}}"}
{"EventId": 59, "Channel": "Microsoft-Windows-Bits-Client/Operational", "Computer": "WIN-1M3263ACE5D", "EventRecordId": 18, "TimeCreated": "2018-03-27T12:11:42+00:00", "Payload": "{\"EventData\": {\"Data\": [{\"@Name\": \"transferId\", \"#text\": \"c411\"}, {\"@Name\": \"name\", \"#text\": \"Font Download\"}, {\"@Name\": \"url\", \"#text\": \"https://fs.microsoft.com/fs/windows/config.json\"}, {\"@Name\": \"bytesTotal\", \"#text\": \"55\"}, {\"@Name\": \"bytesTransferred\", \"#text\": \"55\"}]}}", "SourceFile": "C:\\evtx\\Bits.evtx", "MapDescription": "BITS transfer"}
