{"Computer": "IEWIN7", "Channel": "Microsoft-Windows-Sysmon/Operational", "Provider": "Microsoft-Windows-Sysmon", "EventId": 1, "EventRecordId": "5001", "TimeCreated": "2019-05-26T04:01:42+00:00", "UserName": "IEWIN7\\IEUser", "SourceFile": "x.evtx", "Payload": "{\"EventData\": {\"Data\": [{\"@Name\": \"UtcTime\", \"#text\": \"2019-05-26 04:01:42.375\"}, {\"@Name\": \"ProcessGuid\", \"#text\": \"365abb72-0fa6-5cea-0000-001049b50a00\"}, {\"@Name\": \"ProcessId\", \"#text\": \"100\"}, {\"@Name\": \"Image\", \"#text\": \"C:\\\\a\\\\low.exe\"}, {\"@Name\": \"Hashes\", \"#text\": \"sha1=8cc66ed54fbeff205151898d65f6415400124553,md5=64fdbd98584331982a15b1f2df7f08da,sha256=b5de10a0091b7aaf491bdb810bce6dab3f6b4a1c7a917722b5de014e4a08b6eb,imphash=d3310ce6cbcacb3a9f0809bc33e38abe\"}]}}"}
{"Computer": "IEWIN7", "Channel": "Microsoft-Windows-Sysmon/Operational", "Provider": "Microsoft-Windows-Sysmon", "EventId": 1, "EventRecordId": "5002", "TimeCreated": "2019-05-26T04:01:42+00:00", "UserName": "IEWIN7\\IEUser", "SourceFile": "x.evtx", "Payload": "{\"EventData\": {\"Data\": [{\"@Name\": \"UtcTime\", \"#text\": \"2019-05-26 04:01:42.375\"}, {\"@Name\": \"ProcessGuid\", \"#text\": \"365abb72-0fa6-5cea-0000-001049b50a00\"}, {\"@Name\": \"ProcessId\", \"#text\": \"101\"}, {\"@Name\": \"Image\", \"#text\": \"C:\\\\a\\\\mixed.exe\"}, {\"@Name\": \"Hashes\", \"#text\": \"Sha1=8cc66ed54fbeff205151898d65f6415400124553,mD5=64FdBd98584331982a15b1f2DF7f08da,SHA256=b5DE10a0091b7aaf491bdb810bce6dab3f6b4a1c7a917722b5de014e4a08b6eb\"}]}}"}
{"Computer": "IEWIN7", "Channel": "Microsoft-Windows-Sysmon/Operational", "Provider": "Microsoft-Windows-Sysmon", "EventId": 1, "EventRecordId": "5003", "TimeCreated": "2019-05-26T04:01:42+00:00", "UserName": "IEWIN7\\IEUser", "SourceFile": "x.evtx", "Payload": "{\"EventData\": {\"Data\": [{\"@Name\": \"UtcTime\", \"#text\": \"2019-05-26 04:01:42.375\"}, {\"@Name\": \"ProcessGuid\", \"#text\": \"365abb72-0fa6-5cea-0000-001049b50a00\"}, {\"@Name\": \"ProcessId\", \"#text\": \"102\"}, {\"@Name\": \"Image\", \"#text\": \"C:\\\\a\\\\nomd5.exe\"}, {\"@Name\": \"Hashes\", \"#text\": \"SHA1=8CC66ED54FBEFF205151898D65F6415400124553,IMPHASH=D3310CE6CBCACB3A9F0809BC33E38ABE\"}]}}"}
{"Computer": "IEWIN7", "Channel": "Microsoft-Windows-Sysmon/Operational", "Provider": "Microsoft-Windows-Sysmon", "EventId": 1, "EventRecordId": "5004", "TimeCreated": "2019-05-26T04:01:42+00:00", "UserName": "IEWIN7\\IEUser", "SourceFile": "x.evtx", "Payload": "{\"EventData\": {\"Data\": [{\"@Name\": \"UtcTime\", \"#text\": \"2019-05-26 04:01:42.375\"}, {\"@Name\": \"ProcessGuid\", \"#text\": \"365abb72-0fa6-5cea-0000-001049b50a00\"}, {\"@Name\": \"ProcessId\", \"#text\": \"103\"}, {\"@Name\": \"Image\", \"#text\": \"C:\\\\a\\\\nohash.exe\"}]}}"}
{"Computer": "IEWIN7", "Channel": "Microsoft-Windows-Sysmon/Operational", "Provider": "Microsoft-Windows-Sysmon", "EventId": "1", "EventRecordId": "5005", "TimeCreated": "2019-05-26T04:01:42+00:00", "UserName": "IEWIN7\\IEUser", "SourceFile": "x.evtx", "Payload": "{\"EventData\": {\"Data\": [{\"@Name\": \"ProcessGuid\", \"#text\": \"365abb72-0fa6-5cea-0000-001049b50a00\"}, {\"@Name\": \"ProcessId\", \"#text\": \"104\"}, {\"@Name\": \"Image\", \"#text\": \"C:\\\\a\\\\str.exe\"}]}}"}
{"Computer": "IEWIN7", "Channel": "Microsoft-Windows-Sysmon/Operational", "Provider": "Microsoft-Windows-Sysmon", "EventId": 1.0, "EventRecordId": "5006", "TimeCreated": "2019-05-26T04:01:42+00:00", "UserName": "IEWIN7\\IEUser", "SourceFile": "x.evtx", "Payload": "{\"EventData\": {\"Data\": [{\"@Name\": \"ProcessGuid\", \"#text\": \"365abb72-0fa6-5cea-0000-001049b50a00\"}, {\"@Name\": \"ProcessId\", \"#text\": \"105\"}, {\"@Name\": \"Image\", \"#text\": \"C:\\\\a\\\\float.exe\"}]}}"}
{"Computer": "WKS1.corp.example.com", "Channel": "Microsoft-Windows-Sysmon/Operational", "Provider": "vendor-SYSMON-forwarder", "EventId": 1, "EventRecordId": "5007", "TimeCreated": "2019-05-26T04:01:42+00:00", "UserName": "IEWIN7\\IEUser", "SourceFile": "x.evtx", "Payload": "{\"EventData\": {\"Data\": [{\"@Name\": \"ProcessGuid\", \"#text\": \"365abb72-0fa6-5cea-0000-001049b50a00\"}, {\"@Name\": \"ProcessId\", \"#text\": \"106\"}, {\"@Name\": \"Image\", \"#text\": \"C:\\\\a\\\\fqdn.exe\"}]}}"}
{"Channel": "Microsoft-Windows-Sysmon/Operational", "Provider": "Microsoft-Windows-Sysmon", "EventId": 1, "EventRecordId": "5008", "TimeCreated": "2019-05-26T04:01:42+00:00", "UserName": "IEWIN7\\IEUser", "SourceFile": "x.evtx", "Payload": "{\"EventData\": {\"Data\": [{\"@Name\": \"ProcessGuid\", \"#text\": \"365abb72-0fa6-5cea-0000-001049b50a00\"}, {\"@Name\": \"ProcessId\", \"#text\": \"107\"}, {\"@Name\": \"Image\", \"#text\": \"C:\\\\a\\\\nohost.exe\"}]}}"}
{"Computer": "IEWIN7", "Channel": "Microsoft-Windows-Sysmon/Operational", "Provider": "Microsoft-Windows-Sysmon", "EventId": 1, "EventRecordId": "5009", "TimeCreated": "2019-05-26T04:01:42+00:00", "UserName": "IEWIN7\\IEUser", "SourceFile": "x.evtx", "Payload": "not json"}
{"Computer": "IEWIN7", "Channel": "Microsoft-Windows-Sysmon/Operational", "Provider": "Microsoft-Windows-Sysmon", "EventId": 3, "EventRecordId": "5010", "TimeCreated": "2019-05-26T04:01:42+00:00", "UserName": "IEWIN7\\IEUser", "SourceFile": "x.evtx", "Payload": "{\"EventData\": {\"Data\": [{\"@Name\": \"ProcessGuid\", \"#text\": \"365abb72-0fa6-5cea-0000-001049b50a00\"}, {\"@Name\": \"ProcessId\", \"#text\": \"200\"}, {\"@Name\": \"Image\", \"#text\": \"C:\\\\a\\\\n1.exe\"}, {\"@Name\": \"Protocol\", \"#text\": \"udp\"}, {\"@Name\": \"Initiated\", \"#text\": \"false\"}, {\"@Name\": \"SourceIp\", \"#text\": \"10.0.0.1\"}, {\"@Name\": \"SourcePort\", \"#text\": \"53\"}, {\"@Name\": \"DestinationIp\", \"#text\": \"10.0.0.2\"}, {\"@Name\": \"DestinationPort\", \"#text\": \"53\"}]}}"}
{"Computer": "IEWIN7", "Channel": "Microsoft-Windows-Sysmon/Operational", "Provider": "Microsoft-Windows-Sysmon", "EventId": 3, "EventRecordId": "5011", "TimeCreated": "2019-05-26T04:01:42+00:00", "UserName": "IEWIN7\\IEUser", "SourceFile": "x.evtx", "Payload": "{\"EventData\": {\"Data\": [{\"@Name\": \"ProcessGuid\", \"#text\": \"365abb72-0fa6-5cea-0000-001049b50a00\"}, {\"@Name\": \"ProcessId\", \"#text\": \"201\"}, {\"@Name\": \"Image\", \"#text\": \"C:\\\\a\\\\n2.exe\"}, {\"@Name\": \"Protocol\", \"#text\": \"tcp\"}, {\"@Name\": \"Initiated\", \"#text\": \"yes\"}, {\"@Name\": \"SourceIp\", \"#text\": \"10.0.0.1\"}, {\"@Name\": \"SourcePort\", \"#text\": \"80\"}, {\"@Name\": \"DestinationIp\", \"#text\": \"10.0.0.2\"}, {\"@Name\": \"DestinationPort\", \"#text\": \"80\"}]}}"}
{"Computer": "IEWIN7", "Channel": "Microsoft-Windows-Sysmon/Operational", "Provider": "Microsoft-Windows-Sysmon", "EventId": 3, "EventRecordId": "5012", "TimeCreated": "2019-05-26T04:01:42+00:00", "UserName": "IEWIN7\\IEUser", "SourceFile": "x.evtx", "Payload": "{\"EventData\": {\"Data\": [{\"@Name\": \"ProcessGuid\", \"#text\": \"365abb72-0fa6-5cea-0000-001049b50a00\"}, {\"@Name\": \"ProcessId\", \"#text\": \"202\"}, {\"@Name\": \"Image\", \"#text\": \"C:\\\\a\\\\n3.exe\"}, {\"@Name\": \"Protocol\", \"#text\": \"tcp\"}, {\"@Name\": \"SourceIp\", \"#text\": \"10.0.0.1\"}, {\"@Name\": \"SourcePort\", \"#text\": \"81\"}, {\"@Name\": \"DestinationIp\", \"#text\": \"10.0.0.2\"}, {\"@Name\": \"DestinationPort\", \"#text\": \"81\"}]}}"}
{"Computer": "IEWIN7", "Channel": "Microsoft-Windows-Sysmon/Operational", "Provider": "Microsoft-Windows-Sysmon", "EventId": 11, "EventRecordId": "5013", "TimeCreated": "2019-05-26T04:01:42+00:00", "UserName": "IEWIN7\\IEUser", "SourceFile": "x.evtx", "Payload": "{\"EventData\": {\"Data\": [{\"@Name\": \"UtcTime\", \"#text\": \"2020-02-10 08:28:12.876\"}, {\"@Name\": \"ProcessGuid\", \"#text\": \"365abb72-0fa6-5cea-0000-001049b50a00\"}, {\"@Name\": \"ProcessId\", \"#text\": \"300\"}, {\"@Name\": \"Image\", \"#text\": \"C:\\\\a\\\\w.exe\"}, {\"@Name\": \"TargetFilename\", \"#text\": \"C:\\\\t\\\\before.txt\"}, {\"@Name\": \"CreationUtcTime\", \"#text\": \"2020-02-10 08:00:00.000\"}]}}"}
{"Computer": "IEWIN7", "Channel": "Microsoft-Windows-Sysmon/Operational", "Provider": "Microsoft-Windows-Sysmon", "EventId": 11, "EventRecordId": "5014", "TimeCreated": "2019-05-26T04:01:42+00:00", "UserName": "IEWIN7\\IEUser", "SourceFile": "x.evtx", "Payload": "{\"EventData\": {\"Data\": [{\"@Name\": \"UtcTime\", \"#text\": \"2020-02-10 08:28:12.876\"}, {\"@Name\": \"ProcessGuid\", \"#text\": \"365abb72-0fa6-5cea-0000-001049b50a00\"}, {\"@Name\": \"ProcessId\", \"#text\": \"301\"}, {\"@Name\": \"Image\", \"#text\": \"C:\\\\a\\\\w.exe\"}, {\"@Name\": \"TargetFilename\", \"#text\": \"C:\\\\t\\\\after.txt\"}, {\"@Name\": \"CreationUtcTime\", \"#text\": \"2020-02-10 09:00:00.000\"}]}}"}
{"Computer": "IEWIN7", "Channel": "Microsoft-Windows-Sysmon/Operational", "Provider": "Microsoft-Windows-Sysmon", "EventId": 11, "EventRecordId": "5015", "TimeCreated": "2019-05-26T04:01:42+00:00", "UserName": "IEWIN7\\IEUser", "SourceFile": "x.evtx", "Payload": "{\"EventData\": {\"Data\": [{\"@Name\": \"UtcTime\", \"#text\": \"2020-02-10 08:28:12.876\"}, {\"@Name\": \"ProcessGuid\", \"#text\": \"365abb72-0fa6-5cea-0000-001049b50a00\"}, {\"@Name\": \"ProcessId\", \"#text\": \"302\"}, {\"@Name\": \"Image\", \"#text\": \"C:\\\\a\\\\w.exe\"}, {\"@Name\": \"TargetFilename\", \"#text\": \"C:\\\\t\\\\junk.txt\"}, {\"@Name\": \"CreationUtcTime\", \"#text\": \"not a time\"}]}}"}
{"Computer": "IEWIN7", "Channel": "Microsoft-Windows-Sysmon/Operational", "Provider": "Microsoft-Windows-Sysmon", "EventId": 11, "EventRecordId": "5016", "TimeCreated": "2019-05-26T04:01:42+00:00", "UserName": "IEWIN7\\IEUser", "SourceFile": "x.evtx", "Payload": "{\"EventData\": {\"Data\": [{\"@Name\": \"UtcTime\", \"#text\": \"2020-02-10 08:28:12.876\"}, {\"@Name\": \"ProcessGuid\", \"#text\": \"365abb72-0fa6-5cea-0000-001049b50a00\"}, {\"@Name\": \"ProcessId\", \"#text\": \"303\"}, {\"@Name\": \"Image\", \"#text\": \"C:\\\\a\\\\w.exe\"}, {\"@Name\": \"TargetFilename\", \"#text\": \"C:\\\\t\\\\dash.txt\"}, {\"@Name\": \"CreationUtcTime\", \"#text\": \"-\"}]}}"}
{"Computer": "IEWIN7", "Channel": "Microsoft-Windows-Sysmon/Operational", "Provider": "Microsoft-Windows-Sysmon", "EventId": 11, "EventRecordId": "5017", "TimeCreated": "2019-05-26T04:01:42+00:00", "UserName": "IEWIN7\\IEUser", "SourceFile": "x.evtx", "Payload": "{\"EventData\": {\"Data\": [{\"@Name\": \"ProcessGuid\", \"#text\": \"365abb72-0fa6-5cea-0000-001049b50a00\"}, {\"@Name\": \"ProcessId\", \"#text\": \"304\"}, {\"@Name\": \"Image\", \"#text\": \"C:\\\\a\\\\w.exe\"}, {\"@Name\": \"TargetFilename\", \"#text\": \"C:\\\\t\\\\noutc\"}, {\"@Name\": \"CreationUtcTime\", \"#text\": \"2020-02-10 08:00:00.000\"}]}}"}
{"Computer": "IEWIN7", "Channel": "Microsoft-Windows-Sysmon/Operational", "Provider": "Microsoft-Windows-Sysmon", "EventId": 23, "EventRecordId": "5018", "TimeCreated": "2019-05-26T04:01:42+00:00", "UserName": "IEWIN7\\IEUser", "SourceFile": "x.evtx", "Payload": "{\"EventData\": {\"Data\": [{\"@Name\": \"UtcTime\", \"#text\": \"2020-02-10 08:30:00.000\"}, {\"@Name\": \"ProcessGuid\", \"#text\": \"365abb72-0fa6-5cea-0000-001049b50a00\"}, {\"@Name\": \"ProcessId\", \"#text\": \"305\"}, {\"@Name\": \"Image\", \"#text\": \"C:\\\\a\\\\cmd.exe\"}, {\"@Name\": \"TargetFilename\", \"#text\": \"C:\\\\t\\\\gone.tar.GZ\"}, {\"@Name\": \"User\", \"#text\": \"-\"}]}}"}
{"Computer": "IEWIN7", "Channel": "Microsoft-Windows-Sysmon/Operational", "Provider": "Microsoft-Windows-Sysmon", "EventId": 23, "EventRecordId": "5019", "TimeCreated": "2019-05-26T04:01:42+00:00", "UserName": "IEWIN7\\IEUser", "SourceFile": "x.evtx", "Payload": "{\"EventData\": {\"Data\": [{\"@Name\": \"UtcTime\", \"#text\": \"2020-02-10 08:30:00.000\"}, {\"@Name\": \"ProcessGuid\", \"#text\": \"365abb72-0fa6-5cea-0000-001049b50a00\"}, {\"@Name\": \"ProcessId\", \"#text\": \"306\"}, {\"@Name\": \"Image\", \"#text\": \"C:\\\\a\\\\cmd.exe\"}, {\"@Name\": \"TargetFilename\", \"#text\": \"noextfile\"}, {\"@Name\": \"Hashes\", \"#text\": \"sha1=8cc66ed54fbeff205151898d65f6415400124553,md5=64fdbd98584331982a15b1f2df7f08da,sha256=b5de10a0091b7aaf491bdb810bce6dab3f6b4a1c7a917722b5de014e4a08b6eb,imphash=d3310ce6cbcacb3a9f0809bc33e38abe\"}, {\"@Name\": \"User\", \"#text\": \"NT AUTHORITY\\\\SYSTEM\"}]}}"}
{"Computer": "IEWIN7", "Channel": "Microsoft-Windows-Sysmon/Operational", "Provider": "Microsoft-Windows-Sysmon", "EventId": 12, "EventRecordId": "5020", "TimeCreated": "2019-05-26T04:01:42+00:00", "UserName": "IEWIN7\\IEUser", "SourceFile": "x.evtx", "Payload": "{\"EventData\": {\"Data\": [{\"@Name\": \"ProcessGuid\", \"#text\": \"365abb72-0fa6-5cea-0000-001049b50a00\"}, {\"@Name\": \"ProcessId\", \"#text\": \"400\"}, {\"@Name\": \"Image\", \"#text\": \"C:\\\\a\\\\r.exe\"}, {\"@Name\": \"EventType\", \"#text\": \"CreateValue\"}, {\"@Name\": \"TargetObject\", \"#text\": \"HKLM\\\\A\\\\B\\\\V\"}]}}"}
{"Computer": "IEWIN7", "Channel": "Microsoft-Windows-Sysmon/Operational", "Provider": "Microsoft-Windows-Sysmon", "EventId": 12, "EventRecordId": "5021", "TimeCreated": "2019-05-26T04:01:42+00:00", "UserName": "IEWIN7\\IEUser", "SourceFile": "x.evtx", "Payload": "{\"EventData\": {\"Data\": [{\"@Name\": \"ProcessGuid\", \"#text\": \"365abb72-0fa6-5cea-0000-001049b50a00\"}, {\"@Name\": \"ProcessId\", \"#text\": \"401\"}, {\"@Name\": \"Image\", \"#text\": \"C:\\\\a\\\\r.exe\"}, {\"@Name\": \"EventType\", \"#text\": \"DeleteValue\"}, {\"@Name\": \"TargetObject\", \"#text\": \"HKLM\\\\A\\\\B\\\\V\"}]}}"}
{"Computer": "IEWIN7", "Channel": "Microsoft-Windows-Sysmon/Operational", "Provider": "Microsoft-Windows-Sysmon", "EventId": 13, "EventRecordId": "5022", "TimeCreated": "2019-05-26T04:01:42+00:00", "UserName": "IEWIN7\\IEUser", "SourceFile": "x.evtx", "Payload": "{\"EventData\": {\"Data\": [{\"@Name\": \"ProcessGuid\", \"#text\": \"365abb72-0fa6-5cea-0000-001049b50a00\"}, {\"@Name\": \"ProcessId\", \"#text\": \"402\"}, {\"@Name\": \"Image\", \"#text\": \"C:\\\\a\\\\r.exe\"}, {\"@Name\": \"EventType\", \"#text\": \"SetValue\"}, {\"@Name\": \"TargetObject\", \"#text\": \"NoBackslashKey\"}]}}"}
{"Computer": "IEWIN7", "Channel": "Microsoft-Windows-Sysmon/Operational", "Provider": "Microsoft-Windows-Sysmon", "EventId": 13, "EventRecordId": "5023", "TimeCreated": "2019-05-26T04:01:42+00:00", "UserName": "IEWIN7\\IEUser", "SourceFile": "x.evtx", "Payload": "{\"EventData\": {\"Data\": [{\"@Name\": \"ProcessGuid\", \"#text\": \"365abb72-0fa6-5cea-0000-001049b50a00\"}, {\"@Name\": \"ProcessId\", \"#text\": \"403\"}, {\"@Name\": \"Image\", \"#text\": \"C:\\\\a\\\\r.exe\"}, {\"@Name\": \"EventType\", \"#text\": \"SetValue\"}, {\"@Name\": \"TargetObject\", \"#text\": \"HKLM\\\\A\\\\B\\\\V\"}, {\"@Name\": \"User\", \"#text\": \"IEWIN7\\\\IEUser\"}]}}"}
{"Computer": "IEWIN7", "Channel": "Microsoft-Windows-Sysmon/Operational", "Provider": "Microsoft-Windows-Sysmon", "EventId": 14, "EventRecordId": "5024", "TimeCreated": "2019-05-26T04:01:42+00:00", "UserName": "IEWIN7\\IEUser", "SourceFile": "x.evtx", "Payload": "{\"EventData\": {\"Data\": [{\"@Name\": \"ProcessGuid\", \"#text\": \"365abb72-0fa6-5cea-0000-001049b50a00\"}, {\"@Name\": \"ProcessId\", \"#text\": \"404\"}, {\"@Name\": \"Image\", \"#text\": \"C:\\\\a\\\\r.exe\"}, {\"@Name\": \"EventType\", \"#text\": \"RenameValue\"}, {\"@Name\": \"TargetObject\", \"#text\": \"HKLM\\\\A\\\\B\\\\V\"}, {\"@Name\": \"NewName\", \"#text\": \"HKLM\\\\A\\\\B\\\\W\"}]}}"}
{"Computer": "IEWIN7", "Channel": "Microsoft-Windows-Sysmon/Operational", "Provider": "Microsoft-Windows-Sysmon", "EventId": 13, "EventRecordId": "5025", "TimeCreated": "2019-05-26T04:01:42+00:00", "UserName": "IEWIN7\\IEUser", "SourceFile": "x.evtx", "Payload": "{\"EventData\": {\"Data\": [{\"@Name\": \"ProcessGuid\", \"#text\": \"365abb72-0fa6-5cea-0000-001049b50a00\"}, {\"@Name\": \"ProcessId\", \"#text\": \"405\"}, {\"@Name\": \"Image\", \"#text\": \"C:\\\\a\\\\r.exe\"}, {\"@Name\": \"EventType\", \"#text\": \"CreateKey\"}, {\"@Name\": \"TargetObject\", \"#text\": \"HKLM\\\\A\"}]}}"}
{"Computer": "IEWIN7", "Channel": "Microsoft-Windows-Sysmon/Operational", "Provider": "Microsoft-Windows-Sysmon", "EventId": 12, "EventRecordId": "5026", "TimeCreated": "2019-05-26T04:01:42+00:00", "UserName": "IEWIN7\\IEUser", "SourceFile": "x.evtx", "Payload": "{\"EventData\": {\"Data\": [{\"@Name\": \"ProcessGuid\", \"#text\": \"365abb72-0fa6-5cea-0000-001049b50a00\"}, {\"@Name\": \"ProcessId\", \"#text\": \"406\"}, {\"@Name\": \"Image\", \"#text\": \"C:\\\\a\\\\r.exe\"}, {\"@Name\": \"TargetObject\", \"#text\": \"HKLM\\\\A\"}]}}"}
{"Computer": "IEWIN7", "Channel": "Microsoft-Windows-Sysmon/Operational", "Provider": "Microsoft-Windows-Sysmon", "EventId": 12, "EventRecordId": "5027", "TimeCreated": "2019-05-26T04:01:42+00:00", "UserName": "IEWIN7\\IEUser", "SourceFile": "x.evtx", "Payload": "not json"}
{"Computer": "IEWIN7", "Channel": "Microsoft-Windows-Sysmon/Operational", "Provider": "Microsoft-Windows-Sysmon", "EventId": 7, "EventRecordId": "5028", "TimeCreated": "2019-05-26T04:01:42+00:00", "UserName": "IEWIN7\\IEUser", "SourceFile": "x.evtx", "Payload": "{\"EventData\": {\"Data\": [{\"@Name\": \"ProcessGuid\", \"#text\": \"365abb72-0fa6-5cea-0000-001049b50a00\"}, {\"@Name\": \"ProcessId\", \"#text\": \"500\"}, {\"@Name\": \"Image\", \"#text\": \"C:\\\\a\\\\l.exe\"}, {\"@Name\": \"ImageLoaded\", \"#text\": \"C:\\\\W\\\\S32\\\\a.dll\"}, {\"@Name\": \"Hashes\", \"#text\": \"SHA1=8CC66ED54FBEFF205151898D65F6415400124553,MD5=64FDBD98584331982A15B1F2DF7F08DA,SHA256=B5DE10A0091B7AAF491BDB810BCE6DAB3F6B4A1C7A917722B5DE014E4A08B6EB,IMPHASH=D3310CE6CBCACB3A9F0809BC33E38ABE\"}, {\"@Name\": \"Signed\", \"#text\": \"false\"}, {\"@Name\": \"Signature\", \"#text\": \"Nobody\"}, {\"@Name\": \"SignatureStatus\", \"#text\": \"valid\"}, {\"@Name\": \"OriginalFileName\", \"#text\": \"a.dll\"}, {\"@Name\": \"Company\", \"#text\": \"ACME\"}, {\"@Name\": \"Product\", \"#text\": \"P\"}, {\"@Name\": \"Description\", \"#text\": \"D\"}, {\"@Name\": \"FileVersion\", \"#text\": \"1.0\"}]}}"}
{"Computer": "IEWIN7", "Channel": "Microsoft-Windows-Sysmon/Operational", "Provider": "Microsoft-Windows-Sysmon", "EventId": 7, "EventRecordId": "5029", "TimeCreated": "2019-05-26T04:01:42+00:00", "UserName": "IEWIN7\\IEUser", "SourceFile": "x.evtx", "Payload": "{\"EventData\": {\"Data\": [{\"@Name\": \"ProcessGuid\", \"#text\": \"365abb72-0fa6-5cea-0000-001049b50a00\"}, {\"@Name\": \"ProcessId\", \"#text\": \"501\"}, {\"@Name\": \"Image\", \"#text\": \"C:\\\\a\\\\l.exe\"}, {\"@Name\": \"ImageLoaded\", \"#text\": \"C:\\\\W\\\\S32\\\\b.dll\"}]}}"}
{"Computer": "IEWIN7", "Channel": "Microsoft-Windows-Sysmon/Operational", "Provider": "Microsoft-Windows-Sysmon", "EventId": 6, "EventRecordId": "5030", "TimeCreated": "2019-05-26T04:01:42+00:00", "UserName": "IEWIN7\\IEUser", "SourceFile": "x.evtx", "Payload": "{\"EventData\": {\"Data\": [{\"@Name\": \"ImageLoaded\", \"#text\": \"C:\\\\W\\\\S32\\\\drivers\\\\ok.sys\"}, {\"@Name\": \"Hashes\", \"#text\": \"SHA1=8CC66ED54FBEFF205151898D65F6415400124553,MD5=64FDBD98584331982A15B1F2DF7F08DA,SHA256=B5DE10A0091B7AAF491BDB810BCE6DAB3F6B4A1C7A917722B5DE014E4A08B6EB,IMPHASH=D3310CE6CBCACB3A9F0809BC33E38ABE\"}, {\"@Name\": \"Signed\", \"#text\": \"true\"}, {\"@Name\": \"Signature\", \"#text\": \"Microsoft Windows\"}, {\"@Name\": \"SignatureStatus\", \"#text\": \"Valid\"}]}}"}
{"Computer": "IEWIN7", "Channel": "Microsoft-Windows-Sysmon/Operational", "Provider": "Microsoft-Windows-Sysmon", "EventId": 6, "EventRecordId": "5031", "TimeCreated": "2019-05-26T04:01:42+00:00", "UserName": "IEWIN7\\IEUser", "SourceFile": "x.evtx", "Payload": "{\"EventData\": {\"Data\": [{\"@Name\": \"ImageLoaded\", \"#text\": \"C:\\\\W\\\\S32\\\\drivers\\\\bare.sys\"}]}}"}
{"Computer": "IEWIN7", "Channel": "Microsoft-Windows-Sysmon/Operational", "Provider": "Microsoft-Windows-Sysmon", "EventId": 8, "EventRecordId": "5032", "TimeCreated": "2019-05-26T04:01:42+00:00", "UserName": "IEWIN7\\IEUser", "SourceFile": "x.evtx", "Payload": "{\"EventData\": {\"Data\": [{\"@Name\": \"SourceProcessGuid\", \"#text\": \"365abb72-0fa6-5cea-0000-001049b50a00\"}, {\"@Name\": \"SourceProcessId\", \"#text\": \"600\"}, {\"@Name\": \"TargetProcessGuid\", \"#text\": \"365abb72-0f32-5cea-0000-0010b5460100\"}, {\"@Name\": \"TargetProcessId\", \"#text\": \"601\"}, {\"@Name\": \"NewThreadId\", \"#text\": \"602\"}, {\"@Name\": \"StartAddress\", \"#text\": \"0x00007FFB0000\"}]}}"}
{"Computer": "IEWIN7", "Channel": "Microsoft-Windows-Sysmon/Operational", "Provider": "Microsoft-Windows-Sysmon", "EventId": 10, "EventRecordId": "5033", "TimeCreated": "2019-05-26T04:01:42+00:00", "UserName": "IEWIN7\\IEUser", "SourceFile": "x.evtx", "Payload": "{\"EventData\": {\"Data\": [{\"@Name\": \"SourceProcessId\", \"#text\": \"700\"}, {\"@Name\": \"SourceProcessGUID\", \"#text\": \"365abb72-0fa6-5cea-0000-001049b50a00\"}, {\"@Name\": \"SourceImage\", \"#text\": \"C:\\\\a\\\\s.exe\"}, {\"@Name\": \"TargetProcessId\", \"#text\": \"701\"}, {\"@Name\": \"TargetProcessGUID\", \"#text\": \"365abb72-0f32-5cea-0000-0010b5460100\"}, {\"@Name\": \"TargetImage\", \"#text\": \"C:\\\\a\\\\t.exe\"}, {\"@Name\": \"GrantedAccess\", \"#text\": \"0x1410\"}, {\"@Name\": \"CallTrace\", \"#text\": \"ntdll.dll+9d234\"}, {\"@Name\": \"SourceUser\", \"#text\": \"NT AUTHORITY\\\\SYSTEM\"}]}}"}
{"Computer": "IEWIN7", "Channel": "Microsoft-Windows-Sysmon/Operational", "Provider": "Microsoft-Windows-Sysmon", "EventId": 5, "EventRecordId": "5034", "TimeCreated": "2019-05-26T04:01:42+00:00", "UserName": "IEWIN7\\IEUser", "SourceFile": "x.evtx", "Payload": "{\"EventData\": {\"Data\": [{\"@Name\": \"ProcessGuid\", \"#text\": \"365abb72-0fa6-5cea-0000-001049b50a00\"}, {\"@Name\": \"ProcessId\", \"#text\": \"800\"}, {\"@Name\": \"Image\", \"#text\": \"C:\\\\a\\\\end.exe\"}]}}", "MapDescription": "Process terminated", "ExecutableInfo": "-"}
