{"SourceImage": "LoneWolf.E01", "Timestamp": "2018-03-27T12:11:42.0Z", "Parser": "winevtx", "Record": {"data_type": "windows:evtx:record", "event_identifier": 4688, "strings": ["S-1-5-18", "-", "-", "0x00000000000003e7", "0x0000000000000174", "C:\\Windows\\System32\\smss.exe", "%%1936", "0x0000000000000004", null, "S-1-0-0", "-", "-", "0x0000000000000000", null, "S-1-16-16384"], "xml_string": "<Event><System><Channel>Security</Channel><Computer>WIN-1M3263ACE5D</Computer></System></Event>", "source_name": "Microsoft-Windows-Security-Auditing", "record_number": 2623, "hostname": "WIN-1M3263ACE5D"}}
{"SourceImage": "LoneWolf.E01", "Timestamp": "2018-03-27T12:11:42.0Z", "Parser": "winevtx", "Record": {"data_type": "windows:evtx:record", "event_identifier": 4624, "strings": ["S-1-5-18", "WIN$", "WORKGROUP", "0x3e7", "S-1-5-21-1-1-1-1001", "jcloudy", "DESKTOP-8", "0x16bebd", "2", "User32", "Negotiate", "DESKTOP-8", "{0}", "-", "-", "0", "0x238", "C:\\Windows\\System32\\lsass.exe", "10.0.0.9", "445"], "xml_string": "<Event><System><Channel>Security</Channel><Computer>WIN-1M3263ACE5D</Computer></System></Event>", "source_name": "Microsoft-Windows-Security-Auditing", "record_number": 2623, "hostname": "WIN-1M3263ACE5D"}}
{"SourceImage": "LoneWolf.E01", "Timestamp": "2018-03-27T12:11:42.0Z", "Parser": "winevtx", "Record": {"data_type": "windows:evtx:record", "event_identifier": 4672, "strings": ["S-1-5-18", "SYSTEM", "NT AUTHORITY", "0x3e7", "SeDebugPrivilege"], "xml_string": "<Event><System><Channel>Security</Channel><Computer>WIN-1M3263ACE5D</Computer></System></Event>", "source_name": "Microsoft-Windows-Security-Auditing", "record_number": 2623, "hostname": "WIN-1M3263ACE5D"}}
{"SourceImage": "LoneWolf.E01", "Timestamp": "2018-03-27T12:11:42.0Z", "Parser": "winevtx", "Record": {"data_type": "windows:evtx:record", "event_identifier": 4907, "strings": ["x"], "xml_string": "<Event><System><Channel>Security</Channel><Computer>WIN-1M3263ACE5D</Computer></System></Event>", "source_name": "Microsoft-Windows-Security-Auditing", "record_number": 2623, "hostname": "WIN-1M3263ACE5D"}}
{"SourceImage": "LoneWolf.E01", "Timestamp": "2018-03-27T12:00:00Z", "Parser": "winevtx", "Record": {"data_type": "windows:evtx:record", "event_identifier": 7045, "strings": ["Airplane Mode Switch", "\\SystemRoot\\System32\\drivers\\DellRbtn.sys", "kernel mode driver", "demand start", null], "xml_string": "<Event><System><Channel>System</Channel><Computer>WIN-1M3263ACE5D</Computer></System></Event>", "source_name": "Service Control Manager", "record_number": 5, "hostname": "WIN-1M3263ACE5D"}}
{"SourceImage": "LoneWolf.E01", "Timestamp": "2018-03-27T12:00:00Z", "Parser": "winevtx", "Record": {"data_type": "windows:evtx:record", "event_identifier": 60, "strings": ["{C411}", "Font Download", "{43D8}", "https://fs.microsoft.com/fs/x.json", null, "0", "2017-04-20T16:10:39Z", "55", "55", "55"], "xml_string": "<Event><System><Channel>Microsoft-Windows-Bits-Client/Operational</Channel><Computer>WIN-1M3263ACE5D</Computer></System></Event>", "source_name": "Microsoft-Windows-Bits-Client", "record_number": 5, "hostname": "WIN-1M3263ACE5D"}}
{"SourceImage": "LoneWolf.E01", "Timestamp": "2018-03-27T12:00:00Z", "Parser": "winevtx", "Record": {"data_type": "windows:evtx:record", "event_identifier": 59, "strings": ["x"], "xml_string": "<Event><System><Channel>Microsoft-Windows-TerminalServices-LocalSessionManager/Operational</Channel><Computer>WIN-1M3263ACE5D</Computer></System></Event>", "source_name": "prov", "record_number": 5, "hostname": "WIN-1M3263ACE5D"}}
{"SourceImage": "LoneWolf.E01", "Timestamp": "2018-03-27T12:00:00Z", "Parser": "winevtx", "Record": {"data_type": "windows:evtx:record", "event_identifier": 24, "strings": ["DESKTOP-PM6C56D\\defaultuser0", "1", "LOCAL"], "xml_string": "<Event><System><Channel>Microsoft-Windows-TerminalServices-LocalSessionManager/Operational</Channel><Computer>WIN-1M3263ACE5D</Computer></System></Event>", "source_name": "prov", "record_number": 5, "hostname": "WIN-1M3263ACE5D"}}
{"SourceImage": "LoneWolf.E01", "Timestamp": "2018-03-27T12:00:00Z", "Parser": "winevtx", "Record": {"data_type": "windows:evtx:record", "event_identifier": 1, "strings": ["technique_id=T1112", "2019-05-16 14:17:15.753", "{DFAE8213-70EB-5CDD-0000-0010F66D0A00}", "3788", "C:\\Windows\\System32\\reg.exe", "6.3", "Registry Console Tool", "MS Windows", "Microsoft Corporation", "reg add hklm\\...\\EnableLUA ...", "C:\\", "insecurebank\\Administrator", "{DFAE8213-7002}", "0x585e6", "2", "High", "SHA1=0873...", "{DFAE8213-702C}", "3748", "C:\\Windows\\System32\\cmd.exe", "\"C:\\Windows\\system32\\cmd.exe\" "], "xml_string": "<Event><System><Channel>Microsoft-Windows-Sysmon/Operational</Channel><Computer>WIN-1M3263ACE5D</Computer></System></Event>", "source_name": "Microsoft-Windows-Sysmon", "record_number": 5, "hostname": "WIN-1M3263ACE5D"}}
{"SourceImage": "LoneWolf.E01", "Timestamp": "2018-03-27T12:00:00Z", "Parser": "winevtx", "Record": {"data_type": "windows:evtx:record", "event_identifier": 8, "strings": ["-", "2019-05-26", "{365ABB72-0FA6}", "3884", "C:\\jjs.exe", "{365ABB72-0FA7}", "3908", "C:\\svchost.exe", "3916", "0x60000", null, null], "xml_string": "<Event><System><Channel>Microsoft-Windows-Sysmon/Operational</Channel><Computer>WIN-1M3263ACE5D</Computer></System></Event>", "source_name": "Microsoft-Windows-Sysmon", "record_number": 5, "hostname": "WIN-1M3263ACE5D"}}
{"SourceImage": "LoneWolf.E01", "Timestamp": "2018-03-27T12:11:42.0Z", "Parser": "winevtx", "Record": {"data_type": "windows:evtx:record", "event_identifier": 4625, "strings": ["S-1-0-0", "-", "-", "0x0", "S-1-0-0", "admin", "DESKTOP-8", "0xC000006D", "%%2313", "0xC0000064", "3", "NtLmSsp", "NTLM", "WS1", "-", "-", "0", "0x0", "-", "10.0.0.9", "49213"], "xml_string": "<Event><System><Channel>Security</Channel><Computer>WIN-1M3263ACE5D</Computer></System></Event>", "source_name": "Microsoft-Windows-Security-Auditing", "record_number": 2623, "hostname": "WIN-1M3263ACE5D"}}
{"SourceImage": "LoneWolf.E01", "Timestamp": "2018-03-27T12:11:42.0Z", "Parser": "winevtx", "Record": {"data_type": "windows:evtx:record", "event_identifier": 4634, "strings": ["S-1-5-21-1-1-1-1001", "jcloudy", "DESKTOP-8", "0x16bebd", "2"], "xml_string": "<Event><System><Channel>Security</Channel><Computer>WIN-1M3263ACE5D</Computer></System></Event>", "source_name": "Microsoft-Windows-Security-Auditing", "record_number": 2623, "hostname": "WIN-1M3263ACE5D"}}
{"SourceImage": "LoneWolf.E01", "Timestamp": "2018-03-27T12:11:42.0Z", "Parser": "winevtx", "Record": {"data_type": "windows:evtx:record", "event_identifier": 4647, "strings": ["S-1-5-21-1-1-1-1001", "jcloudy", "DESKTOP-8", "0x16bebd"], "xml_string": "<Event><System><Channel>Security</Channel><Computer>WIN-1M3263ACE5D</Computer></System></Event>", "source_name": "Microsoft-Windows-Security-Auditing", "record_number": 2623, "hostname": "WIN-1M3263ACE5D"}}
{"SourceImage": "LoneWolf.E01", "Timestamp": "2018-03-27T12:11:42.0Z", "Parser": "winevtx", "Record": {"data_type": "windows:evtx:record", "event_identifier": 4697, "strings": ["S-1-5-18", "WIN$", "WORKGROUP", "0x3e7", "MaliciousSvc", "C:\\Windows\\Temp\\evil.exe", "0x10", "2", "LocalSystem"], "xml_string": "<Event><System><Channel>Security</Channel><Computer>WIN-1M3263ACE5D</Computer></System></Event>", "source_name": "Microsoft-Windows-Security-Auditing", "record_number": 2623, "hostname": "WIN-1M3263ACE5D"}}
{"SourceImage": "LoneWolf.E01", "Timestamp": "2018-03-27T12:11:42.0Z", "Parser": "winevtx", "Record": {"data_type": "windows:evtx:record", "event_identifier": 4778, "strings": ["jcloudy", "DESKTOP-8", "0x16bebd", "RDP-Tcp#0", "CLIENT-1", "10.0.0.9"], "xml_string": "<Event><System><Channel>Security</Channel><Computer>WIN-1M3263ACE5D</Computer></System></Event>", "source_name": "Microsoft-Windows-Security-Auditing", "record_number": 2623, "hostname": "WIN-1M3263ACE5D"}}
{"SourceImage": "LoneWolf.E01", "Timestamp": "2018-03-27T12:11:42.0Z", "Parser": "winevtx", "Record": {"data_type": "windows:evtx:record", "event_identifier": 4779, "strings": ["jcloudy", "DESKTOP-8", "0x16bebd", "RDP-Tcp#0", "CLIENT-1", "10.0.0.9"], "xml_string": "<Event><System><Channel>Security</Channel><Computer>WIN-1M3263ACE5D</Computer></System></Event>", "source_name": "Microsoft-Windows-Security-Auditing", "record_number": 2623, "hostname": "WIN-1M3263ACE5D"}}
{"SourceImage": "LoneWolf.E01", "Timestamp": "2018-03-27T12:00:00Z", "Parser": "winevtx", "Record": {"data_type": "windows:evtx:record", "event_identifier": 59, "strings": ["{C412}", "Update Download", "{43D9}", "http://dl.example.com/pkg.cab", "10.0.0.9", "0", "2017-04-20T16:11:39Z", "128", "128", "64"], "xml_string": "<Event><System><Channel>Microsoft-Windows-Bits-Client/Operational</Channel><Computer>WIN-1M3263ACE5D</Computer></System></Event>", "source_name": "Microsoft-Windows-Bits-Client", "record_number": 5, "hostname": "WIN-1M3263ACE5D"}}
{"SourceImage": "LoneWolf.E01", "Timestamp": "2018-03-27T12:00:00Z", "Parser": "winevtx", "Record": {"data_type": "windows:evtx:record", "event_identifier": 21, "strings": ["DESKTOP-PM6C56D\\jcloudy", "2", "10.0.0.9"], "xml_string": "<Event><System><Channel>Microsoft-Windows-TerminalServices-LocalSessionManager/Operational</Channel><Computer>WIN-1M3263ACE5D</Computer></System></Event>", "source_name": "prov", "record_number": 5, "hostname": "WIN-1M3263ACE5D"}}
{"SourceImage": "LoneWolf.E01", "Timestamp": "2018-03-27T12:00:00Z", "Parser": "winevtx", "Record": {"data_type": "windows:evtx:record", "event_identifier": 25, "strings": ["DESKTOP-PM6C56D\\jcloudy", "2", "10.0.0.9"], "xml_string": "<Event><System><Channel>Microsoft-Windows-TerminalServices-LocalSessionManager/Operational</Channel><Computer>WIN-1M3263ACE5D</Computer></System></Event>", "source_name": "prov", "record_number": 5, "hostname": "WIN-1M3263ACE5D"}}
{"SourceImage": "LoneWolf.E01", "Timestamp": "2018-03-27T12:00:00Z", "Parser": "winevtx", "Record": {"data_type": "windows:evtx:record", "event_identifier": 3, "strings": ["-", "2019-05-16 14:17:16.000", "{DFAE8213-70EB}", "3788", "C:\\Windows\\System32\\reg.exe", "insecurebank\\Administrator", "tcp", "true", "false", "10.0.0.5", "WS1", "49155", "-", "false", "1.2.3.4", "evil.example.com", "443", "https"], "xml_string": "<Event><System><Channel>Microsoft-Windows-Sysmon/Operational</Channel><Computer>WIN-1M3263ACE5D</Computer></System></Event>", "source_name": "Microsoft-Windows-Sysmon", "record_number": 5, "hostname": "WIN-1M3263ACE5D"}}
{"SourceImage": "LoneWolf.E01", "Timestamp": "2018-03-27T12:00:00Z", "Parser": "winevtx", "Record": {"data_type": "windows:evtx:record", "event_identifier": 5, "strings": ["-", "2019-05-16 14:18:00.000", "{DFAE8213-70EB}", "3788", "C:\\Windows\\System32\\reg.exe"], "xml_string": "<Event><System><Channel>Microsoft-Windows-Sysmon/Operational</Channel><Computer>WIN-1M3263ACE5D</Computer></System></Event>", "source_name": "Microsoft-Windows-Sysmon", "record_number": 5, "hostname": "WIN-1M3263ACE5D"}}
{"SourceImage": "LoneWolf.E01", "Timestamp": "2018-03-27T12:00:00Z", "Parser": "winevtx", "Record": {"data_type": "windows:evtx:record", "event_identifier": 6, "strings": ["-", "2019-05-16 14:10:00.000", "C:\\Windows\\System32\\drv.sys", "SHA1=AAAA", "true", "Microsoft Windows", "Valid"], "xml_string": "<Event><System><Channel>Microsoft-Windows-Sysmon/Operational</Channel><Computer>WIN-1M3263ACE5D</Computer></System></Event>", "source_name": "Microsoft-Windows-Sysmon", "record_number": 5, "hostname": "WIN-1M3263ACE5D"}}
{"SourceImage": "LoneWolf.E01", "Timestamp": "2018-03-27T12:00:00Z", "Parser": "winevtx", "Record": {"data_type": "windows:evtx:record", "event_identifier": 7, "strings": ["-", "2019-05-16 14:11:00.000", "{DFAE8213-70EB}", "3788", "C:\\Windows\\System32\\reg.exe", "C:\\Windows\\System32\\ntdll.dll", "10.0", "NT Layer DLL", "MS Windows", "Microsoft Corporation", "SHA1=BBBB", "true", "Microsoft Windows", "Valid"], "xml_string": "<Event><System><Channel>Microsoft-Windows-Sysmon/Operational</Channel><Computer>WIN-1M3263ACE5D</Computer></System></Event>", "source_name": "Microsoft-Windows-Sysmon", "record_number": 5, "hostname": "WIN-1M3263ACE5D"}}
{"SourceImage": "LoneWolf.E01", "Timestamp": "2018-03-27T12:00:00Z", "Parser": "winevtx", "Record": {"data_type": "windows:evtx:record", "event_identifier": 11, "strings": ["-", "2019-05-16 14:12:00.000", "{DFAE8213-70EB}", "3788", "C:\\Windows\\System32\\reg.exe", "C:\\Users\\jcloudy\\drop.exe", "2019-05-16 14:11:59.000"], "xml_string": "<Event><System><Channel>Microsoft-Windows-Sysmon/Operational</Channel><Computer>WIN-1M3263ACE5D</Computer></System></Event>", "source_name": "Microsoft-Windows-Sysmon", "record_number": 5, "hostname": "WIN-1M3263ACE5D"}}
{"SourceImage": "LoneWolf.E01", "Timestamp": "2018-03-27T12:00:00Z", "Parser": "winevtx", "Record": {"data_type": "windows:evtx:record", "event_identifier": 12, "strings": ["-", "CreateKey", "2019-05-16 14:13:00.000", "{DFAE8213-70EB}", "3788", "C:\\Windows\\System32\\reg.exe", "HKLM\\Software\\Microsoft\\Windows\\CurrentVersion\\Run"], "xml_string": "<Event><System><Channel>Microsoft-Windows-Sysmon/Operational</Channel><Computer>WIN-1M3263ACE5D</Computer></System></Event>", "source_name": "Microsoft-Windows-Sysmon", "record_number": 5, "hostname": "WIN-1M3263ACE5D"}}
{"SourceImage": "LoneWolf.E01", "Timestamp": "2018-03-27T12:00:00Z", "Parser": "winevtx", "Record": {"data_type": "windows:evtx:record", "event_identifier": 13, "strings": ["-", "SetValue", "2019-05-16 14:14:00.000", "{DFAE8213-70EB}", "3788", "C:\\Windows\\System32\\reg.exe", "HKLM\\Software\\Microsoft\\Windows\\CurrentVersion\\Run\\evil", "C:\\Users\\jcloudy\\drop.exe"], "xml_string": "<Event><System><Channel>Microsoft-Windows-Sysmon/Operational</Channel><Computer>WIN-1M3263ACE5D</Computer></System></Event>", "source_name": "Microsoft-Windows-Sysmon", "record_number": 5, "hostname": "WIN-1M3263ACE5D"}}
{"SourceImage": "LoneWolf.E01", "Timestamp": "2018-03-27T12:00:00Z", "Parser": "winevtx", "Record": {"data_type": "windows:evtx:record", "event_identifier": 23, "strings": ["-", "2019-05-16 14:15:00.000", "{DFAE8213-70EB}", "3788", "insecurebank\\Administrator", "C:\\Windows\\System32\\reg.exe", "C:\\Users\\jcloudy\\drop.exe", "SHA1=CCCC", "true", "true"], "xml_string": "<Event><System><Channel>Microsoft-Windows-Sysmon/Operational</Channel><Computer>WIN-1M3263ACE5D</Computer></System></Event>", "source_name": "Microsoft-Windows-Sysmon", "record_number": 5, "hostname": "WIN-1M3263ACE5D"}}
{"SourceImage": "LoneWolf.E01", "Timestamp": "2018-03-27T12:11:42.0Z", "Parser": "winevtx", "Record": {"data_type": "windows:evtx:record", "event_identifier": 4624.0, "strings": ["S-1-5-18", "WIN$", "WORKGROUP", "0x3e7", "S-1-5-21-1-1-1-1001", "jcloudy", "DESKTOP-8", "0x16bebd", "2", "User32", "Negotiate", "DESKTOP-8", "{0}", "-", "-", "0", "0x238", "C:\\Windows\\System32\\lsass.exe", "10.0.0.9", "445"], "xml_string": "<Event><System><Channel>Security</Channel><Computer>WIN-1M3263ACE5D</Computer></System></Event>", "source_name": "Microsoft-Windows-Security-Auditing", "record_number": 2623, "hostname": "WIN-1M3263ACE5D"}}
{"SourceImage": "LoneWolf.E01", "Timestamp": "2018-03-27T12:11:42.0Z", "Parser": "winevtx", "Record": {"data_type": "windows:evtx:record", "event_identifier": "4624", "strings": ["S-1-5-18", "WIN$", "WORKGROUP", "0x3e7", "S-1-5-21-1-1-1-1001", "jcloudy", "DESKTOP-8", "0x16bebd", "2", "User32", "Negotiate", "DESKTOP-8", "{0}", "-", "-", "0", "0x238", "C:\\Windows\\System32\\lsass.exe", "10.0.0.9", "445"], "xml_string": "<Event><System><Channel>Security</Channel><Computer>WIN-1M3263ACE5D</Computer></System></Event>", "source_name": "Microsoft-Windows-Security-Auditing", "record_number": 2623, "hostname": "WIN-1M3263ACE5D"}}
{"SourceImage": "LoneWolf.E01", "Timestamp": "2018-03-27T12:11:42.0Z", "Parser": "winevtx", "Record": {"data_type": "windows:evtx:record", "event_identifier": null, "strings": ["S-1-5-18", "WIN$", "WORKGROUP", "0x3e7", "S-1-5-21-1-1-1-1001", "jcloudy", "DESKTOP-8", "0x16bebd", "2", "User32", "Negotiate", "DESKTOP-8", "{0}", "-", "-", "0", "0x238", "C:\\Windows\\System32\\lsass.exe", "10.0.0.9", "445"], "xml_string": "<Event><System><Channel>Security</Channel><Computer>WIN-1M3263ACE5D</Computer></System></Event>", "source_name": "Microsoft-Windows-Security-Auditing", "record_number": 2623, "hostname": "WIN-1M3263ACE5D"}}
{"SourceImage": "LoneWolf.E01", "Timestamp": "2018-03-27T12:11:42.0Z", "Parser": "winevtx", "Record": {"data_type": "windows:evtx:record", "event_identifier": 4624, "strings": "not a list", "xml_string": "<Event><System><Channel>Security</Channel><Computer>WIN-1M3263ACE5D</Computer></System></Event>", "source_name": "Microsoft-Windows-Security-Auditing", "record_number": 2623, "hostname": "WIN-1M3263ACE5D"}}
{"SourceImage": "LoneWolf.E01", "Timestamp": "2018-03-27T12:11:42.0Z", "Parser": "winevtx", "Record": {"data_type": "windows:evtx:record", "event_identifier": 4624, "strings": [], "xml_string": "<Event><System><Channel>Security</Channel><Computer>WIN-1M3263ACE5D</Computer></System></Event>", "source_name": "Microsoft-Windows-Security-Auditing", "record_number": 2623, "hostname": "WIN-1M3263ACE5D"}}
{"SourceImage": "LoneWolf.E01", "Timestamp": "2018-03-27T12:11:42.0Z", "Parser": "winevtx", "Record": {"data_type": "windows:evtx:record", "event_identifier": 4624, "strings": ["S-1-5-18", "WIN$", "WORKGROUP", "0x3e7", "S-1-5-21-1-1-1-1001", "jcloudy"], "xml_string": "<Event><System><Channel>Security</Channel><Computer>WIN-1M3263ACE5D</Computer></System></Event>", "source_name": "Microsoft-Windows-Security-Auditing", "record_number": 2623, "hostname": "WIN-1M3263ACE5D"}}
{"SourceImage": "LoneWolf.E01", "Timestamp": "2018-03-27T12:11:42.0Z", "Parser": "winevtx", "Record": {"data_type": "windows:evtx:record", "event_identifier": 4672, "strings": ["S-1-5-18", "SYSTEM", "NT AUTHORITY", "0x3e7", "SeDebugPrivilege"], "xml_string": "", "source_name": "Microsoft-Windows-Security-Auditing", "record_number": 2623, "hostname": "WIN-1M3263ACE5D"}}
{"SourceImage": "LoneWolf.E01", "Timestamp": "2018-03-27T12:11:42.0Z", "Parser": "winevtx", "Record": {"data_type": "windows:evtx:record", "event_identifier": 4672, "strings": ["S-1-5-18", "SYSTEM", "NT AUTHORITY", "0x3e7", "SeDebugPrivilege"], "xml_string": "<Event><System><Channel>Security</Channel><Computer>WIN-1M3263ACE5D</Computer></System></Event>", "source_name": "Microsoft-Windows-Security-Auditing", "record_number": 2623, "hostname": "WIN-1M3263ACE5D", "computer_name": "COMPUTER-NAME-WINS"}}
{"SourceImage": "LoneWolf.E01", "Timestamp": "2018-03-27T12:11:42.0Z", "Parser": "winevtx", "Record": {"data_type": "windows:evtx:record", "event_identifier": 4672, "strings": ["S-1-5-18", "SYSTEM", "NT AUTHORITY", "0x3e7", "SeDebugPrivilege"], "xml_string": "<Event><System><Channel>Security</Channel><Computer>WIN-1M3263ACE5D</Computer></System></Event>", "source_name": "Microsoft-Windows-Security-Auditing", "record_number": 2623, "hostname": null}}
{"SourceImage": "LoneWolf.E01", "Timestamp": "2018-03-27T12:11:42.0Z", "Parser": "winevtx", "Record": {"data_type": "windows:evtx:record", "event_identifier": 4672, "strings": ["S-1-5-18", "SYSTEM", "NT AUTHORITY", "0x3e7", "SeDebugPrivilege"], "xml_string": "", "source_name": "Microsoft-Windows-Security-Auditing", "record_number": 2623, "hostname": null}}
{"SourceImage": "LoneWolf.E01", "Timestamp": "2018-03-27T12:00:00Z", "Parser": "winevtx", "Record": {"data_type": "windows:evtx:record", "event_identifier": 25, "strings": ["a", "b", "c"], "xml_string": "<Event><System><Channel>Microsoft-Windows-Sysmon/Operational</Channel><Computer>WIN-1M3263ACE5D</Computer></System></Event>", "source_name": "Microsoft-Windows-Sysmon", "record_number": 5, "hostname": "WIN-1M3263ACE5D"}}
{"SourceImage": "LoneWolf.E01", "Timestamp": "2018-03-27T12:00:00Z", "Parser": "winevtx", "Record": {"data_type": "windows:evtx:record", "event_identifier": true, "strings": ["technique_id=T1112", "2019-05-16 14:17:15.753", "{DFAE8213-70EB-5CDD-0000-0010F66D0A00}", "3788", "C:\\Windows\\System32\\reg.exe", "6.3", "Registry Console Tool", "MS Windows", "Microsoft Corporation", "reg add hklm\\...\\EnableLUA ...", "C:\\", "insecurebank\\Administrator", "{DFAE8213-7002}", "0x585e6", "2", "High", "SHA1=0873...", "{DFAE8213-702C}", "3748", "C:\\Windows\\System32\\cmd.exe", "\"C:\\Windows\\system32\\cmd.exe\" "], "xml_string": "<Event><System><Channel>Microsoft-Windows-Sysmon/Operational</Channel><Computer>WIN-1M3263ACE5D</Computer></System></Event>", "source_name": "Microsoft-Windows-Sysmon", "record_number": 5, "hostname": "WIN-1M3263ACE5D"}}
{"SourceImage": "LoneWolf.E01", "Timestamp": "2018-03-27T12:00:00Z", "Parser": "winevtx", "Record": {"data_type": "windows:evtx:record", "event_identifier": false, "strings": ["technique_id=T1112", "2019-05-16 14:17:15.753", "{DFAE8213-70EB-5CDD-0000-0010F66D0A00}", "3788", "C:\\Windows\\System32\\reg.exe", "6.3", "Registry Console Tool", "MS Windows", "Microsoft Corporation", "reg add hklm\\...\\EnableLUA ...", "C:\\", "insecurebank\\Administrator", "{DFAE8213-7002}", "0x585e6", "2", "High", "SHA1=0873...", "{DFAE8213-702C}", "3748", "C:\\Windows\\System32\\cmd.exe", "\"C:\\Windows\\system32\\cmd.exe\" "], "xml_string": "<Event><System><Channel>Microsoft-Windows-Sysmon/Operational</Channel><Computer>WIN-1M3263ACE5D</Computer></System></Event>", "source_name": "Microsoft-Windows-Sysmon", "record_number": 5, "hostname": "WIN-1M3263ACE5D"}}
{"SourceImage": "LoneWolf.E01", "Timestamp": "2018-03-27T12:00:00Z", "Parser": "winevtx"}
