  {
   "wrapped": {
    "SourceImage": "LoneWolf.E01",
    "Timestamp": "2018-03-27T12:11:42.0Z",
    "Parser": "winevtx",
    "Record": {
     "data_type": "windows:evtx:record",
     "event_identifier": null,
     "strings": [
      "S-1-5-18",
      "WIN$",
      "WORKGROUP",
      "0x3e7",
      "S-1-5-21-1-1-1-1001",
      "jcloudy",
      "DESKTOP-8",
      "0x16bebd",
      "2",
      "User32",
      "Negotiate",
      "DESKTOP-8",
      "{0}",
      "-",
      "-",
      "0",
      "0x238",
      "C:\\Windows\\System32\\lsass.exe",
      "10.0.0.9",
      "445"
     ],
     "xml_string": "<Event><System><Channel>Security</Channel><Computer>WIN-1M3263ACE5D</Computer></System></Event>",
     "source_name": "Microsoft-Windows-Security-Auditing",
     "record_number": 2623,
     "hostname": "WIN-1M3263ACE5D"
    }
   },
   "out": null
  },
  {
   "wrapped": {
    "SourceImage": "LoneWolf.E01",
    "Timestamp": "2018-03-27T12:11:42.0Z",
    "Parser": "winevtx",
    "Record": {
     "data_type": "windows:evtx:record",
     "event_identifier": 4624,
     "strings": "not a list",
     "xml_string": "<Event><System><Channel>Security</Channel><Computer>WIN-1M3263ACE5D</Computer></System></Event>",
     "source_name": "Microsoft-Windows-Security-Auditing",
     "record_number": 2623,
     "hostname": "WIN-1M3263ACE5D"
    }
   },
   "out": {
    "EventId": 4624,
    "Provider": "Microsoft-Windows-Security-Auditing",
    "Channel": "Security",
    "Computer": "WIN-1M3263ACE5D",
    "EventRecordId": 2623,
    "TimeCreated": "2018-03-27T12:11:42.0Z",
    "Payload": {
     "EventData": {
      "Data": [
       {
        "@Name": "SubjectUserSid",
        "#text": null
       },
       {
        "@Name": "SubjectUserName",
        "#text": null
       },
       {
        "@Name": "SubjectDomainName",
        "#text": null
       },
       {
        "@Name": "SubjectLogonId",
        "#text": null
       },
       {
        "@Name": "TargetUserSid",
        "#text": null
       },
       {
        "@Name": "TargetUserName",
        "#text": null
       },
       {
        "@Name": "TargetDomainName",
        "#text": null
       },
       {
        "@Name": "TargetLogonId",
        "#text": null
       },
       {
        "@Name": "LogonType",
        "#text": null
       },
       {
        "@Name": "LogonProcessName",
        "#text": null
       },
       {
        "@Name": "AuthenticationPackageName",
        "#text": null
       },
       {
        "@Name": "WorkstationName",
        "#text": null
       },
       {
        "@Name": "LogonGuid",
        "#text": null
       },
       {
        "@Name": "TransmittedServices",
        "#text": null
       },
       {
        "@Name": "LmPackageName",
        "#text": null
       },
       {
        "@Name": "KeyLength",
        "#text": null
       },
       {
        "@Name": "ProcessId",
        "#text": null
       },
       {
        "@Name": "ProcessName",
        "#text": null
       },
       {
        "@Name": "IpAddress",
        "#text": null
       },
       {
        "@Name": "IpPort",
        "#text": null
       }
      ]
     }
    },
    "SourceFile": null,
    "MapDescription": null
   }
  },
  {
   "wrapped": {
    "SourceImage": "LoneWolf.E01",
    "Timestamp": "2018-03-27T12:11:42.0Z",
    "Parser": "winevtx",
    "Record": {
     "data_type": "windows:evtx:record",
     "event_identifier": 4624,
     "strings": [],
     "xml_string": "<Event><System><Channel>Security</Channel><Computer>WIN-1M3263ACE5D</Computer></System></Event>",
     "source_name": "Microsoft-Windows-Security-Auditing",
     "record_number": 2623,
     "hostname": "WIN-1M3263ACE5D"
    }
   },
   "out": {
    "EventId": 4624,
    "Provider": "Microsoft-Windows-Security-Auditing",
    "Channel": "Security",
    "Computer": "WIN-1M3263ACE5D",
    "EventRecordId": 2623,
    "TimeCreated": "2018-03-27T12:11:42.0Z",
    "Payload": {
     "EventData": {
      "Data": [
       {
        "@Name": "SubjectUserSid",
        "#text": null
       },
       {
        "@Name": "SubjectUserName",
        "#text": null
       },
       {
        "@Name": "SubjectDomainName",
        "#text": null
       },
       {
        "@Name": "SubjectLogonId",
        "#text": null
       },
       {
        "@Name": "TargetUserSid",
        "#text": null
       },
       {
        "@Name": "TargetUserName",
        "#text": null
       },
       {
        "@Name": "TargetDomainName",
        "#text": null
       },
       {
        "@Name": "TargetLogonId",
        "#text": null
       },
       {
        "@Name": "LogonType",
        "#text": null
       },
       {
        "@Name": "LogonProcessName",
        "#text": null
       },
       {
        "@Name": "AuthenticationPackageName",
        "#text": null
       },
       {
        "@Name": "WorkstationName",
        "#text": null
       },
       {
        "@Name": "LogonGuid",
        "#text": null
       },
       {
        "@Name": "TransmittedServices",
        "#text": null
       },
       {
        "@Name": "LmPackageName",
        "#text": null
       },
       {
        "@Name": "KeyLength",
        "#text": null
       },
       {
        "@Name": "ProcessId",
        "#text": null
       },
       {
        "@Name": "ProcessName",
        "#text": null
       },
       {
        "@Name": "IpAddress",
        "#text": null
       },
       {
        "@Name": "IpPort",
        "#text": null
       }
      ]
     }
    },
    "SourceFile": null,
    "MapDescription": null
   }
  },
  {
   "wrapped": {
    "SourceImage": "LoneWolf.E01",
    "Timestamp": "2018-03-27T12:11:42.0Z",
    "Parser": "winevtx",
    "Record": {
     "data_type": "windows:evtx:record",
     "event_identifier": 4624,
     "strings": [
      "S-1-5-18",
      "WIN$",
      "WORKGROUP",
      "0x3e7",
      "S-1-5-21-1-1-1-1001",
      "jcloudy"
     ],
     "xml_string": "<Event><System><Channel>Security</Channel><Computer>WIN-1M3263ACE5D</Computer></System></Event>",
     "source_name": "Microsoft-Windows-Security-Auditing",
     "record_number": 2623,
     "hostname": "WIN-1M3263ACE5D"
    }
   },
   "out": {
    "EventId": 4624,
    "Provider": "Microsoft-Windows-Security-Auditing",
    "Channel": "Security",
    "Computer": "WIN-1M3263ACE5D",
    "EventRecordId": 2623,
    "TimeCreated": "2018-03-27T12:11:42.0Z",
    "Payload": {
     "EventData": {
      "Data": [
       {
        "@Name": "SubjectUserSid",
        "#text": "S-1-5-18"
       },
       {
        "@Name": "SubjectUserName",
        "#text": "WIN$"
       },
       {
        "@Name": "SubjectDomainName",
        "#text": "WORKGROUP"
       },
       {
        "@Name": "SubjectLogonId",
        "#text": "0x3e7"
       },
       {
        "@Name": "TargetUserSid",
        "#text": "S-1-5-21-1-1-1-1001"
       },
       {
        "@Name": "TargetUserName",
        "#text": "jcloudy"
       },
       {
        "@Name": "TargetDomainName",
        "#text": null
       },
       {
        "@Name": "TargetLogonId",
        "#text": null
       },
       {
        "@Name": "LogonType",
        "#text": null
       },
       {
        "@Name": "LogonProcessName",
        "#text": null
       },
       {
        "@Name": "AuthenticationPackageName",
        "#text": null
       },
       {
        "@Name": "WorkstationName",
        "#text": null
       },
       {
        "@Name": "LogonGuid",
        "#text": null
       },
       {
        "@Name": "TransmittedServices",
        "#text": null
       },
       {
        "@Name": "LmPackageName",
        "#text": null
       },
       {
        "@Name": "KeyLength",
        "#text": null
       },
       {
        "@Name": "ProcessId",
        "#text": null
       },
       {
        "@Name": "ProcessName",
        "#text": null
       },
       {
        "@Name": "IpAddress",
        "#text": null
       },
       {
        "@Name": "IpPort",
        "#text": null
       }
      ]
     }
    },
    "SourceFile": null,
    "MapDescription": null
   }
  },
  {
   "wrapped": {
    "SourceImage": "LoneWolf.E01",
    "Timestamp": "2018-03-27T12:11:42.0Z",
    "Parser": "winevtx",
    "Record": {
     "data_type": "windows:evtx:record",
     "event_identifier": 4672,
     "strings": [
      "S-1-5-18",
      "SYSTEM",
      "NT AUTHORITY",
      "0x3e7",
      "SeDebugPrivilege"
     ],
     "xml_string": "",
     "source_name": "Microsoft-Windows-Security-Auditing",
     "record_number": 2623,
     "hostname": "WIN-1M3263ACE5D"
    }
   },
   "out": {
    "EventId": 4672,
    "Provider": "Microsoft-Windows-Security-Auditing",
    "Channel": "Microsoft-Windows-Security-Auditing",
    "Computer": "WIN-1M3263ACE5D",
    "EventRecordId": 2623,
    "TimeCreated": "2018-03-27T12:11:42.0Z",
    "Payload": {
     "EventData": {
      "Data": [
       {
        "@Name": "SubjectUserSid",
        "#text": "S-1-5-18"
       },
       {
        "@Name": "SubjectUserName",
        "#text": "SYSTEM"
       },
       {
        "@Name": "SubjectDomainName",
        "#text": "NT AUTHORITY"
       },
       {
        "@Name": "SubjectLogonId",
        "#text": "0x3e7"
       },
       {
        "@Name": "PrivilegeList",
        "#text": "SeDebugPrivilege"
       }
      ]
     }
    },
    "SourceFile": null,
    "MapDescription": null
   }
  },
  {
   "wrapped": {
    "SourceImage": "LoneWolf.E01",
    "Timestamp": "2018-03-27T12:11:42.0Z",
    "Parser": "winevtx",
    "Record": {
     "data_type": "windows:evtx:record",
     "event_identifier": 4672,
     "strings": [
      "S-1-5-18",
      "SYSTEM",
      "NT AUTHORITY",
      "0x3e7",
      "SeDebugPrivilege"
     ],
     "xml_string": "<Event><System><Channel>Security</Channel><Computer>WIN-1M3263ACE5D</Computer></System></Event>",
     "source_name": "Microsoft-Windows-Security-Auditing",
     "record_number": 2623,
     "hostname": "WIN-1M3263ACE5D",
     "computer_name": "COMPUTER-NAME-WINS"
    }
   },
   "out": {
    "EventId": 4672,
    "Provider": "Microsoft-Windows-Security-Auditing",
    "Channel": "Security",
    "Computer": "COMPUTER-NAME-WINS",
    "EventRecordId": 2623,
    "TimeCreated": "2018-03-27T12:11:42.0Z",
    "Payload": {
     "EventData": {
      "Data": [
       {
        "@Name": "SubjectUserSid",
        "#text": "S-1-5-18"
       },
       {
        "@Name": "SubjectUserName",
        "#text": "SYSTEM"
       },
       {
        "@Name": "SubjectDomainName",
        "#text": "NT AUTHORITY"
       },
       {
        "@Name": "SubjectLogonId",
        "#text": "0x3e7"
       },
       {
        "@Name": "PrivilegeList",
        "#text": "SeDebugPrivilege"
       }
      ]
     }
    },
    "SourceFile": null,
    "MapDescription": null
   }
  },
  {
   "wrapped": {
    "SourceImage": "LoneWolf.E01",
    "Timestamp": "2018-03-27T12:11:42.0Z",
    "Parser": "winevtx",
    "Record": {
     "data_type": "windows:evtx:record",
     "event_identifier": 4672,
     "strings": [
      "S-1-5-18",
      "SYSTEM",
      "NT AUTHORITY",
      "0x3e7",
      "SeDebugPrivilege"
     ],
     "xml_string": "<Event><System><Channel>Security</Channel><Computer>WIN-1M3263ACE5D</Computer></System></Event>",
     "source_name": "Microsoft-Windows-Security-Auditing",
     "record_number": 2623,
     "hostname": null
    }
   },
   "out": {
    "EventId": 4672,
    "Provider": "Microsoft-Windows-Security-Auditing",
    "Channel": "Security",
    "Computer": "WIN-1M3263ACE5D",
    "EventRecordId": 2623,
    "TimeCreated": "2018-03-27T12:11:42.0Z",
    "Payload": {
     "EventData": {
      "Data": [
       {
        "@Name": "SubjectUserSid",
        "#text": "S-1-5-18"
       },
       {
        "@Name": "SubjectUserName",
        "#text": "SYSTEM"
       },
       {
        "@Name": "SubjectDomainName",
        "#text": "NT AUTHORITY"
       },
       {
        "@Name": "SubjectLogonId",
        "#text": "0x3e7"
       },
       {
        "@Name": "PrivilegeList",
        "#text": "SeDebugPrivilege"
       }
      ]
     }
    },
    "SourceFile": null,
    "MapDescription": null
   }
  },
  {
   "wrapped": {
    "SourceImage": "LoneWolf.E01",
    "Timestamp": "2018-03-27T12:11:42.0Z",
    "Parser": "winevtx",
    "Record": {
     "data_type": "windows:evtx:record",
     "event_identifier": 4672,
     "strings": [
      "S-1-5-18",
      "SYSTEM",
      "NT AUTHORITY",
      "0x3e7",
      "SeDebugPrivilege"
     ],
     "xml_string": "",
     "source_name": "Microsoft-Windows-Security-Auditing",
     "record_number": 2623,
     "hostname": null
    }
   },
   "out": {
    "EventId": 4672,
    "Provider": "Microsoft-Windows-Security-Auditing",
    "Channel": "Microsoft-Windows-Security-Auditing",
    "Computer": null,
    "EventRecordId": 2623,
    "TimeCreated": "2018-03-27T12:11:42.0Z",
    "Payload": {
     "EventData": {
      "Data": [
       {
        "@Name": "SubjectUserSid",
        "#text": "S-1-5-18"
       },
       {
        "@Name": "SubjectUserName",
        "#text": "SYSTEM"
       },
       {
        "@Name": "SubjectDomainName",
        "#text": "NT AUTHORITY"
       },
       {
        "@Name": "SubjectLogonId",
        "#text": "0x3e7"
       },
       {
        "@Name": "PrivilegeList",
        "#text": "SeDebugPrivilege"
       }
      ]
     }
    },
    "SourceFile": null,
    "MapDescription": null
   }
  },
  {
   "wrapped": {
    "SourceImage": "LoneWolf.E01",
    "Timestamp": "2018-03-27T12:00:00Z",
    "Parser": "winevtx",
    "Record": {
     "data_type": "windows:evtx:record",
     "event_identifier": 25,
     "strings": [
      "a",
      "b",
      "c"
     ],
     "xml_string": "<Event><System><Channel>Microsoft-Windows-Sysmon/Operational</Channel><Computer>WIN-1M3263ACE5D</Computer></System></Event>",
     "source_name": "Microsoft-Windows-Sysmon",
     "record_number": 5,
     "hostname": "WIN-1M3263ACE5D"
    }
   },
   "out": null
  },
  {
   "wrapped": {
    "SourceImage": "LoneWolf.E01",
    "Timestamp": "2018-03-27T12:00:00Z",
    "Parser": "winevtx",
    "Record": {
     "data_type": "windows:evtx:record",
     "event_identifier": true,
     "strings": [
      "technique_id=T1112",
      "2019-05-16 14:17:15.753",
      "{DFAE8213-70EB-5CDD-0000-0010F66D0A00}",
      "3788",
      "C:\\Windows\\System32\\reg.exe",
      "6.3",
      "Registry Console Tool",
      "MS Windows",
      "Microsoft Corporation",
      "reg add hklm\\...\\EnableLUA ...",
      "C:\\",
      "insecurebank\\Administrator",
      "{DFAE8213-7002}",
      "0x585e6",
      "2",
      "High",
      "SHA1=0873...",
      "{DFAE8213-702C}",
      "3748",
      "C:\\Windows\\System32\\cmd.exe",
      "\"C:\\Windows\\system32\\cmd.exe\" "
     ],
     "xml_string": "<Event><System><Channel>Microsoft-Windows-Sysmon/Operational</Channel><Computer>WIN-1M3263ACE5D</Computer></System></Event>",
     "source_name": "Microsoft-Windows-Sysmon",
     "record_number": 5,
     "hostname": "WIN-1M3263ACE5D"
    }
   },
   "out": {
    "EventId": true,
    "Provider": "Microsoft-Windows-Sysmon",
    "Channel": "Microsoft-Windows-Sysmon/Operational",
    "Computer": "WIN-1M3263ACE5D",
    "EventRecordId": 5,
    "TimeCreated": "2018-03-27T12:00:00Z",
    "Payload": {
     "EventData": {
      "Data": [
       {
        "@Name": "RuleName",
        "#text": "technique_id=T1112"
       },
       {
        "@Name": "UtcTime",
        "#text": "2019-05-16 14:17:15.753"
       },
       {
        "@Name": "ProcessGuid",
        "#text": "{DFAE8213-70EB-5CDD-0000-0010F66D0A00}"
       },
       {
        "@Name": "ProcessId",
        "#text": "3788"
       },
       {
        "@Name": "Image",
        "#text": "C:\\Windows\\System32\\reg.exe"
       },
       {
        "@Name": "FileVersion",
        "#text": "6.3"
       },
       {
        "@Name": "Description",
        "#text": "Registry Console Tool"
       },
       {
        "@Name": "Product",
        "#text": "MS Windows"
       },
       {
        "@Name": "Company",
        "#text": "Microsoft Corporation"
       },
       {
        "@Name": "CommandLine",
        "#text": "reg add hklm\\...\\EnableLUA ..."
       },
       {
        "@Name": "CurrentDirectory",
        "#text": "C:\\"
       },
       {
        "@Name": "User",
        "#text": "insecurebank\\Administrator"
       },
       {
        "@Name": "LogonGuid",
        "#text": "{DFAE8213-7002}"
       },
       {
        "@Name": "LogonId",
        "#text": "0x585e6"
       },
       {
        "@Name": "TerminalSessionId",
        "#text": "2"
       },
       {
        "@Name": "IntegrityLevel",
        "#text": "High"
       },
       {
        "@Name": "Hashes",
        "#text": "SHA1=0873..."
       },
       {
        "@Name": "ParentProcessGuid",
        "#text": "{DFAE8213-702C}"
       },
       {
        "@Name": "ParentProcessId",
        "#text": "3748"
       },
       {
        "@Name": "ParentImage",
        "#text": "C:\\Windows\\System32\\cmd.exe"
       },
       {
        "@Name": "ParentCommandLine",
        "#text": "\"C:\\Windows\\system32\\cmd.exe\" "
       }
      ]
     }
    },
    "SourceFile": null,
    "MapDescription": null
   }
  },
  {
   "wrapped": {
    "SourceImage": "LoneWolf.E01",
    "Timestamp": "2018-03-27T12:00:00Z",
    "Parser": "winevtx",
    "Record": {
     "data_type": "windows:evtx:record",
     "event_identifier": false,
     "strings": [
      "technique_id=T1112",
      "2019-05-16 14:17:15.753",
      "{DFAE8213-70EB-5CDD-0000-0010F66D0A00}",
      "3788",
      "C:\\Windows\\System32\\reg.exe",
      "6.3",
      "Registry Console Tool",
      "MS Windows",
      "Microsoft Corporation",
      "reg add hklm\\...\\EnableLUA ...",
      "C:\\",
      "insecurebank\\Administrator",
      "{DFAE8213-7002}",
      "0x585e6",
      "2",
      "High",
      "SHA1=0873...",
      "{DFAE8213-702C}",
      "3748",
      "C:\\Windows\\System32\\cmd.exe",
      "\"C:\\Windows\\system32\\cmd.exe\" "
     ],
     "xml_string": "<Event><System><Channel>Microsoft-Windows-Sysmon/Operational</Channel><Computer>WIN-1M3263ACE5D</Computer></System></Event>",
     "source_name": "Microsoft-Windows-Sysmon",
     "record_number": 5,
     "hostname": "WIN-1M3263ACE5D"
    }
   },
   "out": null
  },
  {
   "wrapped": {
    "SourceImage": "LoneWolf.E01",
    "Timestamp": "2018-03-27T12:00:00Z",
    "Parser": "winevtx"
   },
   "out": null
  }
 ]
}
