{"EventId": 4907, "Channel": "Security", "Provider": "Microsoft-Windows-Security-Auditing", "Computer": "WIN-1M3263ACE5D.corp.example.com", "EventRecordId": 200, "TimeCreated": "2018-03-27T12:11:42+00:00", "UserName": "CORP\\jcloudy", "SourceFile": "C:\\evtx\\Security.evtx", "MapDescription": "Auditing settings on object changed", "Payload": "{\"EventData\": {\"Data\": [{\"@Name\": \"SubjectUserSid\", \"#text\": \"S-1-5-21-1004336348-1177238915-682003330-1004\"}, {\"@Name\": \"SubjectUserName\", \"#text\": \"jcloudy\"}, {\"@Name\": \"SubjectDomainName\", \"#text\": \"CORP\"}, {\"@Name\": \"SubjectLogonId\", \"#text\": \"0x1f8a3\"}, {\"@Name\": \"ObjectServer\", \"#text\": \"Security\"}, {\"@Name\": \"ObjectType\", \"#text\": \"File\"}, {\"@Name\": \"ObjectName\", \"#text\": \"C:\\\\Users\\\\jcloudy\\\\Documents\\\\payroll.xlsx\"}, {\"@Name\": \"HandleId\", \"#text\": \"0x8fc\"}, {\"@Name\": \"ProcessId\", \"#text\": \"0x1f4\"}, {\"@Name\": \"ProcessName\", \"#text\": \"C:\\\\Windows\\\\explorer.exe\"}, {\"@Name\": \"OldSd\", \"#text\": \"D:AI(A;;FA;;;SY)\"}, {\"@Name\": \"NewSd\", \"#text\": \"D:AI(A;;FA;;;SY)S:AI(AU;SA;FA;;;WD)\"}]}}"}
{"EventId": "4907", "Channel": "Security", "Provider": "Microsoft-Windows-Security-Auditing", "Computer": "WIN-1M3263ACE5D.corp.example.com", "EventRecordId": 201, "TimeCreated": "2018-03-27T12:11:42+00:00", "UserName": "CORP\\jcloudy", "SourceFile": "C:\\evtx\\Security.evtx", "MapDescription": "Auditing settings on object changed", "Payload": "{\"EventData\": {\"Data\": [{\"@Name\": \"SubjectUserSid\", \"#text\": \"S-1-5-21-1004336348-1177238915-682003330-1004\"}, {\"@Name\": \"SubjectUserName\", \"#text\": \"jcloudy\"}, {\"@Name\": \"SubjectDomainName\", \"#text\": \"CORP\"}, {\"@Name\": \"SubjectLogonId\", \"#text\": \"0x1f8a3\"}, {\"@Name\": \"ObjectServer\", \"#text\": \"Security\"}, {\"@Name\": \"ObjectType\", \"#text\": \"File\"}, {\"@Name\": \"ObjectName\", \"#text\": \"C:\\\\Users\\\\jcloudy\\\\Documents\\\\payroll.xlsx\"}, {\"@Name\": \"HandleId\", \"#text\": \"0x8fc\"}, {\"@Name\": \"ProcessId\", \"#text\": \"0x1f4\"}, {\"@Name\": \"ProcessName\", \"#text\": \"C:\\\\Windows\\\\explorer.exe\"}, {\"@Name\": \"OldSd\", \"#text\": \"D:AI(A;;FA;;;SY)\"}, {\"@Name\": \"NewSd\", \"#text\": \"D:AI(A;;FA;;;SY)S:AI(AU;SA;FA;;;WD)\"}]}}"}
{"EventId": 4907, "Channel": "Security", "Provider": "Microsoft-Windows-Security-Auditing", "Computer": "WIN-1M3263ACE5D.corp.example.com", "EventRecordId": 202, "TimeCreated": "2018-03-27T12:11:42+00:00", "UserName": "CORP\\jcloudy", "SourceFile": "C:\\evtx\\Security.evtx", "MapDescription": "Auditing settings on object changed", "Payload": "{\"EventData\": {\"Data\": [{\"@Name\": \"ObjectType\", \"#text\": \"Key\"}, {\"@Name\": \"ObjectName\", \"#text\": \"\\\\REGISTRY\\\\MACHINE\\\\SOFTWARE\"}]}}"}
{"EventId": 4907, "Channel": "Security", "Provider": "Microsoft-Windows-Security-Auditing", "Computer": "WIN-1M3263ACE5D.corp.example.com", "EventRecordId": 203, "TimeCreated": "2018-03-27T12:11:42+00:00", "UserName": "CORP\\jcloudy", "SourceFile": "C:\\evtx\\Security.evtx", "MapDescription": "Auditing settings on object changed", "Payload": "{\"EventData\": {\"Data\": [{\"@Name\": \"ObjectType\", \"#text\": \"File \"}, {\"@Name\": \"ObjectName\", \"#text\": \"C:\\\\x.txt\"}]}}"}
{"EventId": 4907, "Channel": "Security", "Provider": "Microsoft-Windows-Security-Auditing", "Computer": "WIN-1M3263ACE5D.corp.example.com", "EventRecordId": 204, "TimeCreated": "2018-03-27T12:11:42+00:00", "UserName": "CORP\\jcloudy", "SourceFile": "C:\\evtx\\Security.evtx", "MapDescription": "Auditing settings on object changed", "Payload": "{\"EventData\": {\"Data\": [{\"@Name\": \"ObjectType\", \"#text\": \"File\"}, {\"@Name\": \"ObjectName\", \"#text\": \"C:\\\\Windows\\\\System32\\\\drivers\\\\etc\\\\hosts\"}, {\"@Name\": \"ProcessId\", \"#text\": \"1908\"}, {\"@Name\": \"SubjectUserName\", \"#text\": \"SYSTEM\"}]}}"}
{"EventId": 4907, "Channel": "System", "Provider": "Microsoft-Windows-Security-Auditing", "Computer": "WIN-1M3263ACE5D.corp.example.com", "EventRecordId": 205, "TimeCreated": "2018-03-27T12:11:42+00:00", "UserName": "CORP\\jcloudy", "SourceFile": "C:\\evtx\\Security.evtx", "MapDescription": "Auditing settings on object changed", "Payload": "{\"EventData\": {\"Data\": [{\"@Name\": \"SubjectUserSid\", \"#text\": \"S-1-5-21-1004336348-1177238915-682003330-1004\"}, {\"@Name\": \"SubjectUserName\", \"#text\": \"jcloudy\"}, {\"@Name\": \"SubjectDomainName\", \"#text\": \"CORP\"}, {\"@Name\": \"SubjectLogonId\", \"#text\": \"0x1f8a3\"}, {\"@Name\": \"ObjectServer\", \"#text\": \"Security\"}, {\"@Name\": \"ObjectType\", \"#text\": \"File\"}, {\"@Name\": \"ObjectName\", \"#text\": \"C:\\\\Users\\\\jcloudy\\\\Documents\\\\payroll.xlsx\"}, {\"@Name\": \"HandleId\", \"#text\": \"0x8fc\"}, {\"@Name\": \"ProcessId\", \"#text\": \"0x1f4\"}, {\"@Name\": \"ProcessName\", \"#text\": \"C:\\\\Windows\\\\explorer.exe\"}, {\"@Name\": \"OldSd\", \"#text\": \"D:AI(A;;FA;;;SY)\"}, {\"@Name\": \"NewSd\", \"#text\": \"D:AI(A;;FA;;;SY)S:AI(AU;SA;FA;;;WD)\"}]}}"}
{"EventId": 5857, "Channel": "Microsoft-Windows-WMI-Activity/Operational", "Provider": "Microsoft-Windows-WMI-Activity", "Computer": "WIN-1M3263ACE5D.corp.example.com", "EventRecordId": 300, "TimeCreated": "2018-03-27T12:12:00+00:00", "Payload": "{\"UserData\": {\"Operation_StartedOperational\": {\"ProviderName\": \"CIMWin32\", \"Code\": \"0x0\", \"HostProcess\": \"wmiprvse.exe\", \"ProcessID\": \"2768\", \"ProviderPath\": \"%systemroot%\\\\system32\\\\wbem\\\\cimwin32.dll\"}}}"}
{"EventId": 5857, "Channel": "System", "Provider": "Microsoft-Windows-WMI-Activity", "Computer": "WIN-1M3263ACE5D.corp.example.com", "EventRecordId": 301, "TimeCreated": "2018-03-27T12:12:00+00:00", "Payload": "{\"UserData\": {\"Operation_StartedOperational\": {\"ProviderName\": \"CIMWin32\", \"Code\": \"0x0\", \"HostProcess\": \"wmiprvse.exe\", \"ProcessID\": \"2768\", \"ProviderPath\": \"%systemroot%\\\\system32\\\\wbem\\\\cimwin32.dll\"}}}"}
{"EventId": 5857, "Channel": "Microsoft-Windows-WMI-Activity/Operational", "Provider": "Microsoft-Windows-WMI-Activity", "Computer": "WIN-1M3263ACE5D.corp.example.com", "EventRecordId": 302, "TimeCreated": "2018-03-27T12:12:00+00:00", "Payload": "{\"UserData\": {\"Operation_StartedOperational\": {\"ProviderName\": \"-\", \"ProcessID\": \"\", \"Code\": \"0x0\"}}}"}
{"EventId": 20003, "Channel": "System", "Provider": "Microsoft-Windows-UserPnp", "Computer": "WIN-1M3263ACE5D.corp.example.com", "EventRecordId": 400, "TimeCreated": "2018-03-27T12:13:00+00:00", "Payload": "{\"UserData\": {\"InstallDeviceID\": {\"DeviceInstanceID\": \"USB\\\\VID_0951&PID_1666\\\\4C530001260516117401\", \"DriverName\": \"usbstor.inf_amd64_1a0d\", \"ServiceName\": \"USBSTOR\", \"DriverFileName\": \"C:\\\\Windows\\\\System32\\\\drivers\\\\USBSTOR.SYS\", \"PrimaryService\": \"true\", \"AddServiceStatus\": \"0\"}}}"}
{"EventId": "20003", "Channel": "System", "Provider": "Microsoft-Windows-UserPnp", "Computer": "WIN-1M3263ACE5D.corp.example.com", "EventRecordId": 401, "TimeCreated": "2018-03-27T12:13:00+00:00", "Payload": "{\"UserData\": {\"InstallDeviceID\": {\"DeviceInstanceID\": \"USB\\\\VID_0951&PID_1666\\\\4C530001260516117401\", \"DriverName\": \"usbstor.inf_amd64_1a0d\", \"ServiceName\": \"USBSTOR\", \"DriverFileName\": \"C:\\\\Windows\\\\System32\\\\drivers\\\\USBSTOR.SYS\", \"PrimaryService\": \"true\", \"AddServiceStatus\": \"0\"}}}"}
{"EventId": 20003, "Channel": "Microsoft-Windows-UserPnp/DeviceInstall", "Provider": "Microsoft-Windows-UserPnp", "Computer": "WIN-1M3263ACE5D.corp.example.com", "EventRecordId": 402, "TimeCreated": "2018-03-27T12:13:00+00:00", "Payload": "{\"UserData\": {\"InstallDeviceID\": {\"DeviceInstanceID\": \"USB\\\\VID_0951&PID_1666\\\\4C530001260516117401\", \"DriverName\": \"usbstor.inf_amd64_1a0d\", \"ServiceName\": \"USBSTOR\", \"DriverFileName\": \"C:\\\\Windows\\\\System32\\\\drivers\\\\USBSTOR.SYS\", \"PrimaryService\": \"true\", \"AddServiceStatus\": \"0\"}}}"}
{"EventId": 30803, "Channel": "Microsoft-Windows-SmbClient/Connectivity", "Provider": "Microsoft-Windows-SMBClient", "Computer": "WIN-1M3263ACE5D.corp.example.com", "EventRecordId": 500, "TimeCreated": "2018-03-27T12:14:00+00:00", "Payload": "{\"EventData\": {\"Data\": [{\"@Name\": \"ServerName\", \"#text\": \"FILESRV01.corp.example.com\"}, {\"@Name\": \"RemoteAddress\", \"#text\": \"02000239AC10011400000000000000000000000000000000\"}, {\"@Name\": \"LocalAddress\", \"#text\": \"02000000AC1001160000000000000000\"}, {\"@Name\": \"Status\", \"#text\": \"0\"}, {\"@Name\": \"Reason\", \"#text\": \"4\"}]}}"}
{"EventId": 30803.0, "Channel": "Microsoft-Windows-SmbClient/Connectivity", "Provider": "Microsoft-Windows-SMBClient", "Computer": "WIN-1M3263ACE5D.corp.example.com", "EventRecordId": 501, "TimeCreated": "2018-03-27T12:14:00+00:00", "Payload": "{\"EventData\": {\"Data\": [{\"@Name\": \"ServerName\", \"#text\": \"FILESRV01.corp.example.com\"}, {\"@Name\": \"RemoteAddress\", \"#text\": \"02000239AC10011400000000000000000000000000000000\"}, {\"@Name\": \"LocalAddress\", \"#text\": \"02000000AC1001160000000000000000\"}, {\"@Name\": \"Status\", \"#text\": \"0\"}, {\"@Name\": \"Reason\", \"#text\": \"4\"}]}}"}
{"EventId": 7001, "Channel": "System", "Provider": "Microsoft-Windows-Winlogon", "Computer": "WIN-1M3263ACE5D.corp.example.com", "EventRecordId": 600, "TimeCreated": "2018-03-27T12:15:00+00:00", "Payload": "{\"EventData\": {\"Data\": [{\"@Name\": \"UserSid\", \"#text\": \"S-1-5-21-1004336348-1177238915-682003330-1004\"}, {\"@Name\": \"TSId\", \"#text\": \"1\"}]}}"}
{"EventId": 7002, "Channel": "System", "Provider": "Microsoft-Windows-Winlogon", "Computer": "WIN-1M3263ACE5D.corp.example.com", "EventRecordId": 601, "TimeCreated": "2018-03-27T12:45:00+00:00", "Payload": "{\"EventData\": {\"Data\": [{\"@Name\": \"UserSid\", \"#text\": \"S-1-5-21-1004336348-1177238915-682003330-1004\"}, {\"@Name\": \"TSId\", \"#text\": \"1\"}]}}"}
{"EventId": 7034, "Channel": "System", "Provider": "Service Control Manager", "Computer": "WIN-1M3263ACE5D.corp.example.com", "EventRecordId": 700, "TimeCreated": "2018-03-27T12:16:00+00:00", "Payload": "{\"EventData\": {\"Data\": [{\"@Name\": \"param1\", \"#text\": \"Print Spooler\"}, {\"@Name\": \"param2\", \"#text\": \"3\"}]}}", "SourceFile": "C:\\evtx\\System.evtx", "MapDescription": "Service terminated unexpectedly"}
{"EventId": 7034.9, "Channel": "System", "Provider": "Service Control Manager", "Computer": "WIN-1M3263ACE5D.corp.example.com", "EventRecordId": 701, "TimeCreated": "2018-03-27T12:16:00+00:00", "Payload": "{\"EventData\": {\"Data\": [{\"@Name\": \"param1\", \"#text\": \"Print Spooler\"}, {\"@Name\": \"param2\", \"#text\": \"3\"}]}}", "SourceFile": "C:\\evtx\\System.evtx", "MapDescription": "Service terminated unexpectedly"}
{"EventId": "7_034", "Channel": "System", "Provider": "Service Control Manager", "Computer": "WIN-1M3263ACE5D.corp.example.com", "EventRecordId": 702, "TimeCreated": "2018-03-27T12:16:00+00:00", "Payload": "{\"EventData\": {\"Data\": [{\"@Name\": \"param1\", \"#text\": \"Print Spooler\"}, {\"@Name\": \"param2\", \"#text\": \"3\"}]}}", "SourceFile": "C:\\evtx\\System.evtx", "MapDescription": "Service terminated unexpectedly"}
{"EventId": "0x1B7A", "Channel": "System", "Provider": "Service Control Manager", "Computer": "WIN-1M3263ACE5D.corp.example.com", "EventRecordId": 703, "TimeCreated": "2018-03-27T12:16:00+00:00", "Payload": "{\"EventData\": {\"Data\": [{\"@Name\": \"param1\", \"#text\": \"Print Spooler\"}, {\"@Name\": \"param2\", \"#text\": \"3\"}]}}", "SourceFile": "C:\\evtx\\System.evtx", "MapDescription": "Service terminated unexpectedly"}
{"EventId": null, "Channel": "System", "Provider": "Service Control Manager", "Computer": "WIN-1M3263ACE5D.corp.example.com", "EventRecordId": 704, "TimeCreated": "2018-03-27T12:16:00+00:00", "Payload": "{\"EventData\": {\"Data\": [{\"@Name\": \"param1\", \"#text\": \"Print Spooler\"}, {\"@Name\": \"param2\", \"#text\": \"3\"}]}}", "SourceFile": "C:\\evtx\\System.evtx", "MapDescription": "Service terminated unexpectedly"}
{"EventId": 7040, "Channel": "System", "Provider": "Service Control Manager", "Computer": "WIN-1M3263ACE5D.corp.example.com", "EventRecordId": 705, "TimeCreated": "2018-03-27T12:16:00+00:00", "Payload": "{\"EventData\": {\"Data\": [{\"@Name\": \"param1\", \"#text\": \"Print Spooler\"}, {\"@Name\": \"param2\", \"#text\": \"3\"}]}}", "SourceFile": "C:\\evtx\\System.evtx", "MapDescription": "Service terminated unexpectedly"}
{"EventId": 7034, "Channel": "System", "Provider": "Service Control Manager", "Computer": "WIN-1M3263ACE5D", "EventRecordId": 706, "TimeCreated": "2018-03-27T12:16:00+00:00", "Payload": "{\"EventData\": {\"Data\": [{\"@Name\": \"param1\", \"#text\": \"Print Spooler\"}, {\"@Name\": \"param2\", \"#text\": \"3\"}]}}", "SourceFile": "C:\\evtx\\System.evtx", "MapDescription": "Service terminated unexpectedly"}
{"EventId": 7034, "Channel": "System", "Provider": "Service Control Manager", "EventRecordId": 707, "TimeCreated": "2018-03-27T12:16:00+00:00", "Payload": "{\"EventData\": {\"Data\": [{\"@Name\": \"param1\", \"#text\": \"Print Spooler\"}, {\"@Name\": \"param2\", \"#text\": \"3\"}]}}", "SourceFile": "C:\\evtx\\System.evtx", "MapDescription": "Service terminated unexpectedly"}
{"EventId": 7034, "Channel": "System", "Provider": "Service Control Manager", "Computer": "WIN-1M3263ACE5D.corp.example.com", "EventRecordId": 708, "TimeCreated": "2018-03-27T12:16:00+00:00", "Payload": "{not json", "SourceFile": "C:\\evtx\\System.evtx", "MapDescription": "Service terminated unexpectedly"}
{"EventId": 7001, "Channel": "System", "Provider": "Microsoft-Windows-Winlogon", "Computer": "WIN-1M3263ACE5D.corp.example.com", "EventRecordId": 709, "TimeCreated": "2018-03-27T12:15:00+00:00"}
